2024/03/02 01:18:50 main.go:21: Init
2024/03/02 01:18:50 icons.go:32: no matches found for lutris_steam
2024/03/02 01:18:50 desktop-entry-parser.go:58: zafiro icon not found for icon name: lutris_steam
2024/03/02 01:18:50 icons.go:32: no matches found for D15F_hh.0
2024/03/02 01:18:50 desktop-entry-parser.go:58: zafiro icon not found for icon name: D15F_hh.0
2024/03/02 01:18:50 icons.go:32: no matches found for ECB7_iexplore.0
2024/03/02 01:18:50 desktop-entry-parser.go:58: zafiro icon not found for icon name: ECB7_iexplore.0
2024/03/02 01:18:50 icons.go:32: no matches found for C06E_winhlp32.0
2024/03/02 01:18:50 desktop-entry-parser.go:58: zafiro icon not found for icon name: C06E_winhlp32.0
2024/03/02 01:18:50 icons.go:32: no matches found for 2E40_notepad.0
2024/03/02 01:18:50 desktop-entry-parser.go:58: zafiro icon not found for icon name: 2E40_notepad.0
2024/03/02 01:18:50 icons.go:32: no matches found for ECB7_iexplore.0
2024/03/02 01:18:50 desktop-entry-parser.go:58: zafiro icon not found for icon name: ECB7_iexplore.0
2024/03/02 01:18:50 icons.go:32: no matches found for ECB7_iexplore.0
2024/03/02 01:18:50 desktop-entry-parser.go:58: zafiro icon not found for icon name: ECB7_iexplore.0
2024/03/02 01:18:50 icons.go:32: no matches found for D23E_msiexec.0
2024/03/02 01:18:50 desktop-entry-parser.go:58: zafiro icon not found for icon name: D23E_msiexec.0
2024/03/02 01:18:50 icons.go:32: no matches found for ECB7_iexplore.0
2024/03/02 01:18:50 desktop-entry-parser.go:58: zafiro icon not found for icon name: ECB7_iexplore.0
2024/03/02 01:18:50 icons.go:32: no matches found for 3365_wordpad.0
2024/03/02 01:18:50 desktop-entry-parser.go:58: zafiro icon not found for icon name: 3365_wordpad.0
2024/03/02 01:18:50 icons.go:32: no matches found for 2E40_notepad.0
2024/03/02 01:18:50 desktop-entry-parser.go:58: zafiro icon not found for icon name: 2E40_notepad.0
2024/03/02 01:18:51 icons.go:32: no matches found for 5742_rundll32.0
2024/03/02 01:18:51 desktop-entry-parser.go:58: zafiro icon not found for icon name: 5742_rundll32.0
2024/03/02 01:18:51 icons.go:32: no matches found for 2905_wscript.0
2024/03/02 01:18:51 desktop-entry-parser.go:58: zafiro icon not found for icon name: 2905_wscript.0
2024/03/02 01:18:51 icons.go:32: no matches found for 3365_wordpad.0
2024/03/02 01:18:51 desktop-entry-parser.go:58: zafiro icon not found for icon name: 3365_wordpad.0
2024/03/02 01:18:51 icons.go:32: no matches found for hu.irl.cameractrls
2024/03/02 01:18:51 desktop-entry-parser.go:58: zafiro icon not found for icon name: hu.irl.cameractrls
2024/03/02 01:18:51 api.go:84: searchTerm = 
2024/03/02 01:18:51 icons.go:32: no matches found for lutris_steam
2024/03/02 01:18:51 desktop-entry-parser.go:58: zafiro icon not found for icon name: lutris_steam
2024/03/02 01:18:51 icons.go:32: no matches found for D15F_hh.0
2024/03/02 01:18:51 desktop-entry-parser.go:58: zafiro icon not found for icon name: D15F_hh.0
2024/03/02 01:18:51 icons.go:32: no matches found for ECB7_iexplore.0
2024/03/02 01:18:51 desktop-entry-parser.go:58: zafiro icon not found for icon name: ECB7_iexplore.0
2024/03/02 01:18:51 icons.go:32: no matches found for C06E_winhlp32.0
2024/03/02 01:18:51 desktop-entry-parser.go:58: zafiro icon not found for icon name: C06E_winhlp32.0
2024/03/02 01:18:51 icons.go:32: no matches found for slippi-launcher
2024/03/02 01:18:51 desktop-entry-parser.go:58: zafiro icon not found for icon name: slippi-launcher
2024/03/02 01:18:51 icons.go:32: no matches found for 2E40_notepad.0
2024/03/02 01:18:51 desktop-entry-parser.go:58: zafiro icon not found for icon name: 2E40_notepad.0
2024/03/02 01:18:51 icons.go:32: no matches found for ECB7_iexplore.0
2024/03/02 01:18:51 desktop-entry-parser.go:58: zafiro icon not found for icon name: ECB7_iexplore.0
2024/03/02 01:18:51 icons.go:32: no matches found for ECB7_iexplore.0
2024/03/02 01:18:51 desktop-entry-parser.go:58: zafiro icon not found for icon name: ECB7_iexplore.0
2024/03/02 01:18:51 icons.go:32: no matches found for D23E_msiexec.0
2024/03/02 01:18:51 desktop-entry-parser.go:58: zafiro icon not found for icon name: D23E_msiexec.0
2024/03/02 01:18:51 icons.go:32: no matches found for ardour8
2024/03/02 01:18:51 desktop-entry-parser.go:58: zafiro icon not found for icon name: ardour8
2024/03/02 01:18:51 icons.go:32: no matches found for ECB7_iexplore.0
2024/03/02 01:18:51 desktop-entry-parser.go:58: zafiro icon not found for icon name: ECB7_iexplore.0
2024/03/02 01:18:51 icons.go:32: no matches found for 3365_wordpad.0
2024/03/02 01:18:51 desktop-entry-parser.go:58: zafiro icon not found for icon name: 3365_wordpad.0
2024/03/02 01:18:51 icons.go:32: no matches found for 2E40_notepad.0
2024/03/02 01:18:51 desktop-entry-parser.go:58: zafiro icon not found for icon name: 2E40_notepad.0
2024/03/02 01:18:51 icons.go:32: no matches found for 5742_rundll32.0
2024/03/02 01:18:51 desktop-entry-parser.go:58: zafiro icon not found for icon name: 5742_rundll32.0
2024/03/02 01:18:51 icons.go:32: no matches found for 2905_wscript.0
2024/03/02 01:18:51 desktop-entry-parser.go:58: zafiro icon not found for icon name: 2905_wscript.0
2024/03/02 01:18:51 icons.go:32: no matches found for 3365_wordpad.0
2024/03/02 01:18:51 desktop-entry-parser.go:58: zafiro icon not found for icon name: 3365_wordpad.0
2024/03/02 01:18:51 icons.go:32: no matches found for hu.irl.cameractrls
2024/03/02 01:18:51 desktop-entry-parser.go:58: zafiro icon not found for icon name: hu.irl.cameractrls
2024/03/02 01:18:51 icons.go:32: no matches found for com.github.wwmm.easyeffects
2024/03/02 01:18:51 desktop-entry-parser.go:58: zafiro icon not found for icon name: com.github.wwmm.easyeffects
2024/03/02 01:18:51 icons.go:32: no matches found for com.obsproject.Studio
2024/03/02 01:18:51 desktop-entry-parser.go:58: zafiro icon not found for icon name: com.obsproject.Studio
2024/03/02 01:18:51 icons.go:32: no matches found for cura-icon
2024/03/02 01:18:51 desktop-entry-parser.go:58: zafiro icon not found for icon name: cura-icon
2024/03/02 01:18:51 icons.go:32: no matches found for /usr/share/input-remapper/input-remapper.svg
2024/03/02 01:18:51 desktop-entry-parser.go:58: zafiro icon not found for icon name: /usr/share/input-remapper/input-remapper.svg
2024/03/02 01:18:51 icons.go:32: no matches found for /usr/share/input-remapper/input-remapper.svg
2024/03/02 01:18:51 desktop-entry-parser.go:58: zafiro icon not found for icon name: /usr/share/input-remapper/input-remapper.svg
2024/03/02 01:18:51 icons.go:32: no matches found for slippi-launcher
2024/03/02 01:18:51 desktop-entry-parser.go:58: zafiro icon not found for icon name: slippi-launcher
2024/03/02 01:18:51 icons.go:32: no matches found for nix-snowflake
2024/03/02 01:18:51 desktop-entry-parser.go:58: zafiro icon not found for icon name: nix-snowflake
2024/03/02 01:18:51 icons.go:32: no matches found for one.alynx.showmethekey
2024/03/02 01:18:51 desktop-entry-parser.go:58: zafiro icon not found for icon name: one.alynx.showmethekey
2024/03/02 01:18:51 icons.go:32: no matches found for ardour8
2024/03/02 01:18:51 desktop-entry-parser.go:58: zafiro icon not found for icon name: ardour8
2024/03/02 01:18:51 icons.go:32: no matches found for com.github.wwmm.easyeffects
2024/03/02 01:18:51 desktop-entry-parser.go:58: zafiro icon not found for icon name: com.github.wwmm.easyeffects
2024/03/02 01:18:51 icons.go:32: no matches found for com.obsproject.Studio
2024/03/02 01:18:51 desktop-entry-parser.go:58: zafiro icon not found for icon name: com.obsproject.Studio
2024/03/02 01:18:51 icons.go:32: no matches found for cura-icon
2024/03/02 01:18:51 desktop-entry-parser.go:58: zafiro icon not found for icon name: cura-icon
2024/03/02 01:18:51 icons.go:32: no matches found for /usr/share/input-remapper/input-remapper.svg
2024/03/02 01:18:51 desktop-entry-parser.go:58: zafiro icon not found for icon name: /usr/share/input-remapper/input-remapper.svg
2024/03/02 01:18:51 icons.go:32: no matches found for /usr/share/input-remapper/input-remapper.svg
2024/03/02 01:18:51 desktop-entry-parser.go:58: zafiro icon not found for icon name: /usr/share/input-remapper/input-remapper.svg
2024/03/02 01:18:51 icons.go:52: copying icon from /home/stefan/Projects/Zafiro-icons/Dark/apps/scalable/btop.svg to /home/stefan/Projects/go-launch/frontend/static/app-icons/btop.svg
2024/03/02 01:18:51 icons.go:32: no matches found for nix-snowflake
2024/03/02 01:18:51 desktop-entry-parser.go:58: zafiro icon not found for icon name: nix-snowflake
2024/03/02 01:18:51 icons.go:32: no matches found for one.alynx.showmethekey
2024/03/02 01:18:51 desktop-entry-parser.go:58: zafiro icon not found for icon name: one.alynx.showmethekey
2024/03/02 01:18:51 icons.go:52: copying icon from /home/stefan/Projects/Zafiro-icons/Dark/apps/scalable/preferences-desktop-theme.svg to /home/stefan/Projects/go-launch/frontend/static/app-icons/preferences-desktop-theme.svg
2024/03/02 01:18:51 icons.go:52: copying icon from /home/stefan/Projects/Zafiro-icons/Dark/apps/scalable/nvim.svg to /home/stefan/Projects/go-launch/frontend/static/app-icons/nvim.svg
2024/03/02 01:18:51 api.go:84: searchTerm = 
2024/03/02 01:18:51 icons.go:32: no matches found for lutris_steam
2024/03/02 01:18:51 desktop-entry-parser.go:58: zafiro icon not found for icon name: lutris_steam
2024/03/02 01:18:51 icons.go:32: no matches found for D15F_hh.0
2024/03/02 01:18:51 desktop-entry-parser.go:58: zafiro icon not found for icon name: D15F_hh.0
2024/03/02 01:18:51 icons.go:32: no matches found for ECB7_iexplore.0
2024/03/02 01:18:51 desktop-entry-parser.go:58: zafiro icon not found for icon name: ECB7_iexplore.0
2024/03/02 01:18:51 icons.go:32: no matches found for C06E_winhlp32.0
2024/03/02 01:18:51 desktop-entry-parser.go:58: zafiro icon not found for icon name: C06E_winhlp32.0
2024/03/02 01:18:51 icons.go:52: copying icon from /home/stefan/Projects/Zafiro-icons/Dark/apps/scalable/gimp.svg to /home/stefan/Projects/go-launch/frontend/static/app-icons/gimp.svg
2024/03/02 01:18:51 icons.go:32: no matches found for 2E40_notepad.0
2024/03/02 01:18:51 desktop-entry-parser.go:58: zafiro icon not found for icon name: 2E40_notepad.0
2024/03/02 01:18:51 icons.go:32: no matches found for ECB7_iexplore.0
2024/03/02 01:18:51 desktop-entry-parser.go:58: zafiro icon not found for icon name: ECB7_iexplore.0
2024/03/02 01:18:51 icons.go:32: no matches found for ECB7_iexplore.0
2024/03/02 01:18:51 desktop-entry-parser.go:58: zafiro icon not found for icon name: ECB7_iexplore.0
2024/03/02 01:18:51 icons.go:32: no matches found for D23E_msiexec.0
2024/03/02 01:18:51 desktop-entry-parser.go:58: zafiro icon not found for icon name: D23E_msiexec.0
2024/03/02 01:18:51 icons.go:32: no matches found for ECB7_iexplore.0
2024/03/02 01:18:51 desktop-entry-parser.go:58: zafiro icon not found for icon name: ECB7_iexplore.0
2024/03/02 01:18:52 icons.go:32: no matches found for 3365_wordpad.0
2024/03/02 01:18:52 desktop-entry-parser.go:58: zafiro icon not found for icon name: 3365_wordpad.0
2024/03/02 01:18:52 icons.go:32: no matches found for 2E40_notepad.0
2024/03/02 01:18:52 desktop-entry-parser.go:58: zafiro icon not found for icon name: 2E40_notepad.0
2024/03/02 01:18:52 icons.go:32: no matches found for 5742_rundll32.0
2024/03/02 01:18:52 desktop-entry-parser.go:58: zafiro icon not found for icon name: 5742_rundll32.0
2024/03/02 01:18:52 icons.go:32: no matches found for 2905_wscript.0
2024/03/02 01:18:52 desktop-entry-parser.go:58: zafiro icon not found for icon name: 2905_wscript.0
2024/03/02 01:18:52 icons.go:32: no matches found for 3365_wordpad.0
2024/03/02 01:18:52 desktop-entry-parser.go:58: zafiro icon not found for icon name: 3365_wordpad.0
2024/03/02 01:18:52 icons.go:32: no matches found for hu.irl.cameractrls
2024/03/02 01:18:52 desktop-entry-parser.go:58: zafiro icon not found for icon name: hu.irl.cameractrls
2024/03/02 01:18:52 icons.go:52: copying icon from /home/stefan/Projects/Zafiro-icons/Dark/apps/scalable/simplescreenrecorder.svg to /home/stefan/Projects/go-launch/frontend/static/app-icons/simplescreenrecorder.svg
2024/03/02 01:18:52 icons.go:52: copying icon from /home/stefan/Projects/Zafiro-icons/Dark/apps/scalable/virtualbox.svg to /home/stefan/Projects/go-launch/frontend/static/app-icons/virtualbox.svg
2024/03/02 01:18:52 icons.go:32: no matches found for slippi-launcher
2024/03/02 01:18:52 desktop-entry-parser.go:58: zafiro icon not found for icon name: slippi-launcher
2024/03/02 01:18:52 mru.go:46: found 10 mru entries
2024/03/02 01:18:52 mru.go:87: found only 4 mru entries ; filling up 12 mru entries
2024/03/02 01:18:52 icons.go:32: no matches found for ardour8
2024/03/02 01:18:52 desktop-entry-parser.go:58: zafiro icon not found for icon name: ardour8
2024/03/02 01:18:52 icons.go:32: no matches found for com.github.wwmm.easyeffects
2024/03/02 01:18:52 desktop-entry-parser.go:58: zafiro icon not found for icon name: com.github.wwmm.easyeffects
2024/03/02 01:18:52 icons.go:32: no matches found for com.obsproject.Studio
2024/03/02 01:18:52 desktop-entry-parser.go:58: zafiro icon not found for icon name: com.obsproject.Studio
2024/03/02 01:18:52 icons.go:32: no matches found for cura-icon
2024/03/02 01:18:52 desktop-entry-parser.go:58: zafiro icon not found for icon name: cura-icon
2024/03/02 01:18:52 icons.go:32: no matches found for /usr/share/input-remapper/input-remapper.svg
2024/03/02 01:18:52 desktop-entry-parser.go:58: zafiro icon not found for icon name: /usr/share/input-remapper/input-remapper.svg
2024/03/02 01:18:52 icons.go:32: no matches found for /usr/share/input-remapper/input-remapper.svg
2024/03/02 01:18:52 desktop-entry-parser.go:58: zafiro icon not found for icon name: /usr/share/input-remapper/input-remapper.svg
2024/03/02 01:18:52 icons.go:32: no matches found for nix-snowflake
2024/03/02 01:18:52 desktop-entry-parser.go:58: zafiro icon not found for icon name: nix-snowflake
2024/03/02 01:18:52 icons.go:32: no matches found for one.alynx.showmethekey
2024/03/02 01:18:52 desktop-entry-parser.go:58: zafiro icon not found for icon name: one.alynx.showmethekey
2024/03/02 01:18:52 api.go:119: returning 16 results
2024/03/02 01:18:52 api.go:119: returning 16 results
2024/03/02 01:20:02 transport.go:2273: Unsolicited response received on idle HTTP channel starting with "HTTP/1.1 400 Bad Request\r\n\r\n"; err=<nil>
2024/03/02 01:20:02 transport.go:2273: Unsolicited response received on idle HTTP channel starting with "HTTP/1.1 400 Bad Request\r\n\r\n"; err=<nil>
2024/03/02 01:22:55 api.go:84: searchTerm = 
2024/03/02 01:22:55 icons.go:32: no matches found for lutris_steam
2024/03/02 01:22:55 desktop-entry-parser.go:58: zafiro icon not found for icon name: lutris_steam
2024/03/02 01:22:55 icons.go:32: no matches found for D15F_hh.0
2024/03/02 01:22:55 desktop-entry-parser.go:58: zafiro icon not found for icon name: D15F_hh.0
2024/03/02 01:22:55 icons.go:32: no matches found for ECB7_iexplore.0
2024/03/02 01:22:55 desktop-entry-parser.go:58: zafiro icon not found for icon name: ECB7_iexplore.0
2024/03/02 01:22:55 icons.go:32: no matches found for C06E_winhlp32.0
2024/03/02 01:22:55 desktop-entry-parser.go:58: zafiro icon not found for icon name: C06E_winhlp32.0
2024/03/02 01:22:55 icons.go:32: no matches found for 2E40_notepad.0
2024/03/02 01:22:55 desktop-entry-parser.go:58: zafiro icon not found for icon name: 2E40_notepad.0
2024/03/02 01:22:55 icons.go:32: no matches found for ECB7_iexplore.0
2024/03/02 01:22:55 desktop-entry-parser.go:58: zafiro icon not found for icon name: ECB7_iexplore.0
2024/03/02 01:22:55 icons.go:32: no matches found for ECB7_iexplore.0
2024/03/02 01:22:55 desktop-entry-parser.go:58: zafiro icon not found for icon name: ECB7_iexplore.0
2024/03/02 01:22:55 icons.go:32: no matches found for D23E_msiexec.0
2024/03/02 01:22:55 desktop-entry-parser.go:58: zafiro icon not found for icon name: D23E_msiexec.0
2024/03/02 01:22:55 icons.go:32: no matches found for ECB7_iexplore.0
2024/03/02 01:22:55 desktop-entry-parser.go:58: zafiro icon not found for icon name: ECB7_iexplore.0
2024/03/02 01:22:55 icons.go:32: no matches found for 3365_wordpad.0
2024/03/02 01:22:55 desktop-entry-parser.go:58: zafiro icon not found for icon name: 3365_wordpad.0
2024/03/02 01:22:55 icons.go:32: no matches found for 2E40_notepad.0
2024/03/02 01:22:55 desktop-entry-parser.go:58: zafiro icon not found for icon name: 2E40_notepad.0
2024/03/02 01:22:55 icons.go:32: no matches found for 5742_rundll32.0
2024/03/02 01:22:55 desktop-entry-parser.go:58: zafiro icon not found for icon name: 5742_rundll32.0
2024/03/02 01:22:55 icons.go:32: no matches found for 2905_wscript.0
2024/03/02 01:22:55 desktop-entry-parser.go:58: zafiro icon not found for icon name: 2905_wscript.0
2024/03/02 01:22:55 icons.go:32: no matches found for 3365_wordpad.0
2024/03/02 01:22:55 desktop-entry-parser.go:58: zafiro icon not found for icon name: 3365_wordpad.0
2024/03/02 01:22:55 icons.go:32: no matches found for hu.irl.cameractrls
2024/03/02 01:22:55 desktop-entry-parser.go:58: zafiro icon not found for icon name: hu.irl.cameractrls
2024/03/02 01:22:55 icons.go:32: no matches found for slippi-launcher
2024/03/02 01:22:55 desktop-entry-parser.go:58: zafiro icon not found for icon name: slippi-launcher
2024/03/02 01:22:55 icons.go:32: no matches found for ardour8
2024/03/02 01:22:55 desktop-entry-parser.go:58: zafiro icon not found for icon name: ardour8
2024/03/02 01:22:55 icons.go:32: no matches found for com.github.wwmm.easyeffects
2024/03/02 01:22:55 desktop-entry-parser.go:58: zafiro icon not found for icon name: com.github.wwmm.easyeffects
2024/03/02 01:22:55 icons.go:32: no matches found for com.obsproject.Studio
2024/03/02 01:22:55 desktop-entry-parser.go:58: zafiro icon not found for icon name: com.obsproject.Studio
2024/03/02 01:22:55 icons.go:32: no matches found for cura-icon
2024/03/02 01:22:55 desktop-entry-parser.go:58: zafiro icon not found for icon name: cura-icon
2024/03/02 01:22:55 icons.go:32: no matches found for /usr/share/input-remapper/input-remapper.svg
2024/03/02 01:22:55 desktop-entry-parser.go:58: zafiro icon not found for icon name: /usr/share/input-remapper/input-remapper.svg
2024/03/02 01:22:55 icons.go:32: no matches found for /usr/share/input-remapper/input-remapper.svg
2024/03/02 01:22:55 desktop-entry-parser.go:58: zafiro icon not found for icon name: /usr/share/input-remapper/input-remapper.svg
2024/03/02 01:22:55 icons.go:32: no matches found for nix-snowflake
2024/03/02 01:22:55 desktop-entry-parser.go:58: zafiro icon not found for icon name: nix-snowflake
2024/03/02 01:22:55 icons.go:32: no matches found for one.alynx.showmethekey
2024/03/02 01:22:55 desktop-entry-parser.go:58: zafiro icon not found for icon name: one.alynx.showmethekey
2024/03/02 01:22:56 api.go:119: returning 16 results
2024/03/02 01:23:04 api.go:84: searchTerm = 
2024/03/02 01:23:04 icons.go:32: no matches found for lutris_steam
2024/03/02 01:23:04 desktop-entry-parser.go:58: zafiro icon not found for icon name: lutris_steam
2024/03/02 01:23:04 icons.go:32: no matches found for D15F_hh.0
2024/03/02 01:23:04 desktop-entry-parser.go:58: zafiro icon not found for icon name: D15F_hh.0
2024/03/02 01:23:04 icons.go:32: no matches found for ECB7_iexplore.0
2024/03/02 01:23:04 desktop-entry-parser.go:58: zafiro icon not found for icon name: ECB7_iexplore.0
2024/03/02 01:23:04 icons.go:32: no matches found for C06E_winhlp32.0
2024/03/02 01:23:04 desktop-entry-parser.go:58: zafiro icon not found for icon name: C06E_winhlp32.0
2024/03/02 01:23:04 icons.go:32: no matches found for 2E40_notepad.0
2024/03/02 01:23:04 desktop-entry-parser.go:58: zafiro icon not found for icon name: 2E40_notepad.0
2024/03/02 01:23:04 icons.go:32: no matches found for ECB7_iexplore.0
2024/03/02 01:23:04 desktop-entry-parser.go:58: zafiro icon not found for icon name: ECB7_iexplore.0
2024/03/02 01:23:04 icons.go:32: no matches found for ECB7_iexplore.0
2024/03/02 01:23:04 desktop-entry-parser.go:58: zafiro icon not found for icon name: ECB7_iexplore.0
2024/03/02 01:23:04 icons.go:32: no matches found for D23E_msiexec.0
2024/03/02 01:23:04 desktop-entry-parser.go:58: zafiro icon not found for icon name: D23E_msiexec.0
2024/03/02 01:23:04 icons.go:32: no matches found for ECB7_iexplore.0
2024/03/02 01:23:04 desktop-entry-parser.go:58: zafiro icon not found for icon name: ECB7_iexplore.0
2024/03/02 01:23:04 icons.go:32: no matches found for 3365_wordpad.0
2024/03/02 01:23:04 desktop-entry-parser.go:58: zafiro icon not found for icon name: 3365_wordpad.0
2024/03/02 01:23:04 icons.go:32: no matches found for 2E40_notepad.0
2024/03/02 01:23:04 desktop-entry-parser.go:58: zafiro icon not found for icon name: 2E40_notepad.0
2024/03/02 01:23:04 icons.go:32: no matches found for 5742_rundll32.0
2024/03/02 01:23:04 desktop-entry-parser.go:58: zafiro icon not found for icon name: 5742_rundll32.0
2024/03/02 01:23:04 icons.go:32: no matches found for 2905_wscript.0
2024/03/02 01:23:04 desktop-entry-parser.go:58: zafiro icon not found for icon name: 2905_wscript.0
2024/03/02 01:23:04 icons.go:32: no matches found for 3365_wordpad.0
2024/03/02 01:23:04 desktop-entry-parser.go:58: zafiro icon not found for icon name: 3365_wordpad.0
2024/03/02 01:23:04 icons.go:32: no matches found for hu.irl.cameractrls
2024/03/02 01:23:04 desktop-entry-parser.go:58: zafiro icon not found for icon name: hu.irl.cameractrls
2024/03/02 01:23:04 icons.go:32: no matches found for slippi-launcher
2024/03/02 01:23:04 desktop-entry-parser.go:58: zafiro icon not found for icon name: slippi-launcher
2024/03/02 01:23:04 icons.go:32: no matches found for ardour8
2024/03/02 01:23:04 desktop-entry-parser.go:58: zafiro icon not found for icon name: ardour8
2024/03/02 01:23:04 icons.go:32: no matches found for com.github.wwmm.easyeffects
2024/03/02 01:23:04 desktop-entry-parser.go:58: zafiro icon not found for icon name: com.github.wwmm.easyeffects
2024/03/02 01:23:04 icons.go:32: no matches found for com.obsproject.Studio
2024/03/02 01:23:04 desktop-entry-parser.go:58: zafiro icon not found for icon name: com.obsproject.Studio
2024/03/02 01:23:04 icons.go:32: no matches found for cura-icon
2024/03/02 01:23:04 desktop-entry-parser.go:58: zafiro icon not found for icon name: cura-icon
2024/03/02 01:23:04 icons.go:32: no matches found for /usr/share/input-remapper/input-remapper.svg
2024/03/02 01:23:04 desktop-entry-parser.go:58: zafiro icon not found for icon name: /usr/share/input-remapper/input-remapper.svg
2024/03/02 01:23:04 icons.go:32: no matches found for /usr/share/input-remapper/input-remapper.svg
2024/03/02 01:23:04 desktop-entry-parser.go:58: zafiro icon not found for icon name: /usr/share/input-remapper/input-remapper.svg
2024/03/02 01:23:04 icons.go:32: no matches found for nix-snowflake
2024/03/02 01:23:04 desktop-entry-parser.go:58: zafiro icon not found for icon name: nix-snowflake
2024/03/02 01:23:04 icons.go:32: no matches found for one.alynx.showmethekey
2024/03/02 01:23:04 desktop-entry-parser.go:58: zafiro icon not found for icon name: one.alynx.showmethekey
2024/03/02 01:23:05 icons.go:52: copying icon from /home/stefan/Projects/Zafiro-icons/Dark/apps/scalable/btop.svg to /home/stefan/Projects/go-launch/frontend/static/app-icons/btop.svg
2024/03/02 01:23:05 api.go:119: returning 16 results
2024/03/02 01:23:07 api.go:84: searchTerm = 
2024/03/02 01:23:07 icons.go:32: no matches found for lutris_steam
2024/03/02 01:23:07 desktop-entry-parser.go:58: zafiro icon not found for icon name: lutris_steam
2024/03/02 01:23:07 icons.go:32: no matches found for D15F_hh.0
2024/03/02 01:23:07 desktop-entry-parser.go:58: zafiro icon not found for icon name: D15F_hh.0
2024/03/02 01:23:07 icons.go:32: no matches found for ECB7_iexplore.0
2024/03/02 01:23:07 desktop-entry-parser.go:58: zafiro icon not found for icon name: ECB7_iexplore.0
2024/03/02 01:23:07 icons.go:32: no matches found for C06E_winhlp32.0
2024/03/02 01:23:07 desktop-entry-parser.go:58: zafiro icon not found for icon name: C06E_winhlp32.0
2024/03/02 01:23:07 icons.go:32: no matches found for 2E40_notepad.0
2024/03/02 01:23:07 desktop-entry-parser.go:58: zafiro icon not found for icon name: 2E40_notepad.0
2024/03/02 01:23:07 icons.go:32: no matches found for ECB7_iexplore.0
2024/03/02 01:23:07 desktop-entry-parser.go:58: zafiro icon not found for icon name: ECB7_iexplore.0
2024/03/02 01:23:07 icons.go:32: no matches found for ECB7_iexplore.0
2024/03/02 01:23:07 desktop-entry-parser.go:58: zafiro icon not found for icon name: ECB7_iexplore.0
2024/03/02 01:23:07 icons.go:32: no matches found for D23E_msiexec.0
2024/03/02 01:23:07 desktop-entry-parser.go:58: zafiro icon not found for icon name: D23E_msiexec.0
2024/03/02 01:23:08 icons.go:32: no matches found for ECB7_iexplore.0
2024/03/02 01:23:08 desktop-entry-parser.go:58: zafiro icon not found for icon name: ECB7_iexplore.0
2024/03/02 01:23:08 icons.go:32: no matches found for 3365_wordpad.0
2024/03/02 01:23:08 desktop-entry-parser.go:58: zafiro icon not found for icon name: 3365_wordpad.0
2024/03/02 01:23:08 icons.go:32: no matches found for 2E40_notepad.0
2024/03/02 01:23:08 desktop-entry-parser.go:58: zafiro icon not found for icon name: 2E40_notepad.0
2024/03/02 01:23:08 icons.go:32: no matches found for 5742_rundll32.0
2024/03/02 01:23:08 desktop-entry-parser.go:58: zafiro icon not found for icon name: 5742_rundll32.0
2024/03/02 01:23:08 icons.go:32: no matches found for 2905_wscript.0
2024/03/02 01:23:08 desktop-entry-parser.go:58: zafiro icon not found for icon name: 2905_wscript.0
2024/03/02 01:23:08 icons.go:32: no matches found for 3365_wordpad.0
2024/03/02 01:23:08 desktop-entry-parser.go:58: zafiro icon not found for icon name: 3365_wordpad.0
2024/03/02 01:23:08 icons.go:32: no matches found for hu.irl.cameractrls
2024/03/02 01:23:08 desktop-entry-parser.go:58: zafiro icon not found for icon name: hu.irl.cameractrls
2024/03/02 01:23:08 icons.go:32: no matches found for slippi-launcher
2024/03/02 01:23:08 desktop-entry-parser.go:58: zafiro icon not found for icon name: slippi-launcher
2024/03/02 01:23:08 icons.go:32: no matches found for ardour8
2024/03/02 01:23:08 desktop-entry-parser.go:58: zafiro icon not found for icon name: ardour8
2024/03/02 01:23:08 icons.go:32: no matches found for com.github.wwmm.easyeffects
2024/03/02 01:23:08 desktop-entry-parser.go:58: zafiro icon not found for icon name: com.github.wwmm.easyeffects
2024/03/02 01:23:08 icons.go:32: no matches found for com.obsproject.Studio
2024/03/02 01:23:08 desktop-entry-parser.go:58: zafiro icon not found for icon name: com.obsproject.Studio
2024/03/02 01:23:08 icons.go:32: no matches found for cura-icon
2024/03/02 01:23:08 desktop-entry-parser.go:58: zafiro icon not found for icon name: cura-icon
2024/03/02 01:23:08 icons.go:32: no matches found for /usr/share/input-remapper/input-remapper.svg
2024/03/02 01:23:08 desktop-entry-parser.go:58: zafiro icon not found for icon name: /usr/share/input-remapper/input-remapper.svg
2024/03/02 01:23:08 icons.go:32: no matches found for /usr/share/input-remapper/input-remapper.svg
2024/03/02 01:23:08 desktop-entry-parser.go:58: zafiro icon not found for icon name: /usr/share/input-remapper/input-remapper.svg
2024/03/02 01:23:08 icons.go:32: no matches found for nix-snowflake
2024/03/02 01:23:08 desktop-entry-parser.go:58: zafiro icon not found for icon name: nix-snowflake
2024/03/02 01:23:08 icons.go:32: no matches found for one.alynx.showmethekey
2024/03/02 01:23:08 desktop-entry-parser.go:58: zafiro icon not found for icon name: one.alynx.showmethekey
2024/03/02 01:23:08 api.go:119: returning 16 results
2024/03/02 01:23:46 api.go:84: searchTerm = 
2024/03/02 01:23:46 icons.go:32: no matches found for lutris_steam
2024/03/02 01:23:46 desktop-entry-parser.go:58: zafiro icon not found for icon name: lutris_steam
2024/03/02 01:23:46 icons.go:32: no matches found for D15F_hh.0
2024/03/02 01:23:46 desktop-entry-parser.go:58: zafiro icon not found for icon name: D15F_hh.0
2024/03/02 01:23:46 icons.go:32: no matches found for ECB7_iexplore.0
2024/03/02 01:23:46 desktop-entry-parser.go:58: zafiro icon not found for icon name: ECB7_iexplore.0
2024/03/02 01:23:46 icons.go:32: no matches found for C06E_winhlp32.0
2024/03/02 01:23:46 desktop-entry-parser.go:58: zafiro icon not found for icon name: C06E_winhlp32.0
2024/03/02 01:23:46 icons.go:32: no matches found for 2E40_notepad.0
2024/03/02 01:23:46 desktop-entry-parser.go:58: zafiro icon not found for icon name: 2E40_notepad.0
2024/03/02 01:23:46 icons.go:32: no matches found for ECB7_iexplore.0
2024/03/02 01:23:46 desktop-entry-parser.go:58: zafiro icon not found for icon name: ECB7_iexplore.0
2024/03/02 01:23:46 icons.go:32: no matches found for ECB7_iexplore.0
2024/03/02 01:23:46 desktop-entry-parser.go:58: zafiro icon not found for icon name: ECB7_iexplore.0
2024/03/02 01:23:46 icons.go:32: no matches found for D23E_msiexec.0
2024/03/02 01:23:46 desktop-entry-parser.go:58: zafiro icon not found for icon name: D23E_msiexec.0
2024/03/02 01:23:46 icons.go:32: no matches found for ECB7_iexplore.0
2024/03/02 01:23:46 desktop-entry-parser.go:58: zafiro icon not found for icon name: ECB7_iexplore.0
2024/03/02 01:23:46 icons.go:32: no matches found for 3365_wordpad.0
2024/03/02 01:23:46 desktop-entry-parser.go:58: zafiro icon not found for icon name: 3365_wordpad.0
2024/03/02 01:23:46 icons.go:32: no matches found for 2E40_notepad.0
2024/03/02 01:23:46 desktop-entry-parser.go:58: zafiro icon not found for icon name: 2E40_notepad.0
2024/03/02 01:23:46 icons.go:32: no matches found for 5742_rundll32.0
2024/03/02 01:23:46 desktop-entry-parser.go:58: zafiro icon not found for icon name: 5742_rundll32.0
2024/03/02 01:23:46 icons.go:32: no matches found for 2905_wscript.0
2024/03/02 01:23:46 desktop-entry-parser.go:58: zafiro icon not found for icon name: 2905_wscript.0
2024/03/02 01:23:46 icons.go:32: no matches found for 3365_wordpad.0
2024/03/02 01:23:46 desktop-entry-parser.go:58: zafiro icon not found for icon name: 3365_wordpad.0
2024/03/02 01:23:46 icons.go:32: no matches found for hu.irl.cameractrls
2024/03/02 01:23:46 desktop-entry-parser.go:58: zafiro icon not found for icon name: hu.irl.cameractrls
2024/03/02 01:23:46 icons.go:32: no matches found for slippi-launcher
2024/03/02 01:23:46 desktop-entry-parser.go:58: zafiro icon not found for icon name: slippi-launcher
2024/03/02 01:23:46 icons.go:32: no matches found for ardour8
2024/03/02 01:23:46 desktop-entry-parser.go:58: zafiro icon not found for icon name: ardour8
2024/03/02 01:23:46 icons.go:32: no matches found for com.github.wwmm.easyeffects
2024/03/02 01:23:46 desktop-entry-parser.go:58: zafiro icon not found for icon name: com.github.wwmm.easyeffects
2024/03/02 01:23:46 icons.go:32: no matches found for com.obsproject.Studio
2024/03/02 01:23:46 desktop-entry-parser.go:58: zafiro icon not found for icon name: com.obsproject.Studio
2024/03/02 01:23:46 icons.go:32: no matches found for cura-icon
2024/03/02 01:23:46 desktop-entry-parser.go:58: zafiro icon not found for icon name: cura-icon
2024/03/02 01:23:46 icons.go:32: no matches found for /usr/share/input-remapper/input-remapper.svg
2024/03/02 01:23:46 desktop-entry-parser.go:58: zafiro icon not found for icon name: /usr/share/input-remapper/input-remapper.svg
2024/03/02 01:23:46 icons.go:32: no matches found for /usr/share/input-remapper/input-remapper.svg
2024/03/02 01:23:46 desktop-entry-parser.go:58: zafiro icon not found for icon name: /usr/share/input-remapper/input-remapper.svg
2024/03/02 01:23:47 icons.go:32: no matches found for nix-snowflake
2024/03/02 01:23:47 desktop-entry-parser.go:58: zafiro icon not found for icon name: nix-snowflake
2024/03/02 01:23:47 icons.go:32: no matches found for one.alynx.showmethekey
2024/03/02 01:23:47 desktop-entry-parser.go:58: zafiro icon not found for icon name: one.alynx.showmethekey
2024/03/02 01:23:47 icons.go:52: copying icon from /home/stefan/Projects/Zafiro-icons/Dark/apps/scalable/btop.svg to /home/stefan/Projects/go-launch/frontend/static/app-icons/btop.svg
2024/03/02 01:23:47 api.go:119: returning 16 results
2024/03/02 01:24:18 api.go:84: searchTerm = l
2024/03/02 01:24:18 icons.go:32: no matches found for lutris_steam
2024/03/02 01:24:18 desktop-entry-parser.go:58: zafiro icon not found for icon name: lutris_steam
2024/03/02 01:24:18 icons.go:32: no matches found for D15F_hh.0
2024/03/02 01:24:18 desktop-entry-parser.go:58: zafiro icon not found for icon name: D15F_hh.0
2024/03/02 01:24:18 icons.go:32: no matches found for ECB7_iexplore.0
2024/03/02 01:24:18 desktop-entry-parser.go:58: zafiro icon not found for icon name: ECB7_iexplore.0
2024/03/02 01:24:18 icons.go:32: no matches found for C06E_winhlp32.0
2024/03/02 01:24:18 desktop-entry-parser.go:58: zafiro icon not found for icon name: C06E_winhlp32.0
2024/03/02 01:24:18 icons.go:32: no matches found for 2E40_notepad.0
2024/03/02 01:24:18 desktop-entry-parser.go:58: zafiro icon not found for icon name: 2E40_notepad.0
2024/03/02 01:24:18 icons.go:32: no matches found for ECB7_iexplore.0
2024/03/02 01:24:18 desktop-entry-parser.go:58: zafiro icon not found for icon name: ECB7_iexplore.0
2024/03/02 01:24:18 icons.go:32: no matches found for ECB7_iexplore.0
2024/03/02 01:24:18 desktop-entry-parser.go:58: zafiro icon not found for icon name: ECB7_iexplore.0
2024/03/02 01:24:18 icons.go:32: no matches found for D23E_msiexec.0
2024/03/02 01:24:18 desktop-entry-parser.go:58: zafiro icon not found for icon name: D23E_msiexec.0
2024/03/02 01:24:18 icons.go:32: no matches found for ECB7_iexplore.0
2024/03/02 01:24:18 desktop-entry-parser.go:58: zafiro icon not found for icon name: ECB7_iexplore.0
2024/03/02 01:24:18 icons.go:32: no matches found for 3365_wordpad.0
2024/03/02 01:24:18 desktop-entry-parser.go:58: zafiro icon not found for icon name: 3365_wordpad.0
2024/03/02 01:24:18 icons.go:32: no matches found for 2E40_notepad.0
2024/03/02 01:24:18 desktop-entry-parser.go:58: zafiro icon not found for icon name: 2E40_notepad.0
2024/03/02 01:24:18 icons.go:32: no matches found for 5742_rundll32.0
2024/03/02 01:24:18 desktop-entry-parser.go:58: zafiro icon not found for icon name: 5742_rundll32.0
2024/03/02 01:24:18 icons.go:32: no matches found for 2905_wscript.0
2024/03/02 01:24:18 desktop-entry-parser.go:58: zafiro icon not found for icon name: 2905_wscript.0
2024/03/02 01:24:18 icons.go:32: no matches found for 3365_wordpad.0
2024/03/02 01:24:18 desktop-entry-parser.go:58: zafiro icon not found for icon name: 3365_wordpad.0
2024/03/02 01:24:18 icons.go:32: no matches found for hu.irl.cameractrls
2024/03/02 01:24:18 desktop-entry-parser.go:58: zafiro icon not found for icon name: hu.irl.cameractrls
2024/03/02 01:24:18 icons.go:32: no matches found for slippi-launcher
2024/03/02 01:24:18 desktop-entry-parser.go:58: zafiro icon not found for icon name: slippi-launcher
2024/03/02 01:24:18 icons.go:32: no matches found for ardour8
2024/03/02 01:24:18 desktop-entry-parser.go:58: zafiro icon not found for icon name: ardour8
2024/03/02 01:24:18 icons.go:32: no matches found for com.github.wwmm.easyeffects
2024/03/02 01:24:18 desktop-entry-parser.go:58: zafiro icon not found for icon name: com.github.wwmm.easyeffects
2024/03/02 01:24:18 icons.go:32: no matches found for com.obsproject.Studio
2024/03/02 01:24:18 desktop-entry-parser.go:58: zafiro icon not found for icon name: com.obsproject.Studio
2024/03/02 01:24:18 icons.go:32: no matches found for cura-icon
2024/03/02 01:24:18 desktop-entry-parser.go:58: zafiro icon not found for icon name: cura-icon
2024/03/02 01:24:18 icons.go:32: no matches found for /usr/share/input-remapper/input-remapper.svg
2024/03/02 01:24:18 desktop-entry-parser.go:58: zafiro icon not found for icon name: /usr/share/input-remapper/input-remapper.svg
2024/03/02 01:24:18 icons.go:32: no matches found for /usr/share/input-remapper/input-remapper.svg
2024/03/02 01:24:18 desktop-entry-parser.go:58: zafiro icon not found for icon name: /usr/share/input-remapper/input-remapper.svg
2024/03/02 01:24:18 icons.go:32: no matches found for nix-snowflake
2024/03/02 01:24:18 desktop-entry-parser.go:58: zafiro icon not found for icon name: nix-snowflake
2024/03/02 01:24:18 icons.go:32: no matches found for one.alynx.showmethekey
2024/03/02 01:24:18 desktop-entry-parser.go:58: zafiro icon not found for icon name: one.alynx.showmethekey
2024/03/02 01:24:19 api.go:119: returning 26 results
2024/03/02 01:24:33 api.go:84: searchTerm = 
2024/03/02 01:24:33 icons.go:32: no matches found for lutris_steam
2024/03/02 01:24:33 desktop-entry-parser.go:58: zafiro icon not found for icon name: lutris_steam
2024/03/02 01:24:33 icons.go:32: no matches found for D15F_hh.0
2024/03/02 01:24:33 desktop-entry-parser.go:58: zafiro icon not found for icon name: D15F_hh.0
2024/03/02 01:24:33 icons.go:32: no matches found for ECB7_iexplore.0
2024/03/02 01:24:33 desktop-entry-parser.go:58: zafiro icon not found for icon name: ECB7_iexplore.0
2024/03/02 01:24:33 icons.go:32: no matches found for C06E_winhlp32.0
2024/03/02 01:24:33 desktop-entry-parser.go:58: zafiro icon not found for icon name: C06E_winhlp32.0
2024/03/02 01:24:33 icons.go:32: no matches found for 2E40_notepad.0
2024/03/02 01:24:33 desktop-entry-parser.go:58: zafiro icon not found for icon name: 2E40_notepad.0
2024/03/02 01:24:33 icons.go:32: no matches found for ECB7_iexplore.0
2024/03/02 01:24:33 desktop-entry-parser.go:58: zafiro icon not found for icon name: ECB7_iexplore.0
2024/03/02 01:24:33 icons.go:32: no matches found for ECB7_iexplore.0
2024/03/02 01:24:33 desktop-entry-parser.go:58: zafiro icon not found for icon name: ECB7_iexplore.0
2024/03/02 01:24:33 icons.go:32: no matches found for D23E_msiexec.0
2024/03/02 01:24:33 desktop-entry-parser.go:58: zafiro icon not found for icon name: D23E_msiexec.0
2024/03/02 01:24:33 icons.go:32: no matches found for ECB7_iexplore.0
2024/03/02 01:24:33 desktop-entry-parser.go:58: zafiro icon not found for icon name: ECB7_iexplore.0
2024/03/02 01:24:33 icons.go:32: no matches found for 3365_wordpad.0
2024/03/02 01:24:33 desktop-entry-parser.go:58: zafiro icon not found for icon name: 3365_wordpad.0
2024/03/02 01:24:33 icons.go:32: no matches found for 2E40_notepad.0
2024/03/02 01:24:33 desktop-entry-parser.go:58: zafiro icon not found for icon name: 2E40_notepad.0
2024/03/02 01:24:33 icons.go:32: no matches found for 5742_rundll32.0
2024/03/02 01:24:33 desktop-entry-parser.go:58: zafiro icon not found for icon name: 5742_rundll32.0
2024/03/02 01:24:33 icons.go:32: no matches found for 2905_wscript.0
2024/03/02 01:24:33 desktop-entry-parser.go:58: zafiro icon not found for icon name: 2905_wscript.0
2024/03/02 01:24:33 icons.go:32: no matches found for 3365_wordpad.0
2024/03/02 01:24:33 desktop-entry-parser.go:58: zafiro icon not found for icon name: 3365_wordpad.0
2024/03/02 01:24:33 icons.go:32: no matches found for hu.irl.cameractrls
2024/03/02 01:24:33 desktop-entry-parser.go:58: zafiro icon not found for icon name: hu.irl.cameractrls
2024/03/02 01:24:33 icons.go:32: no matches found for slippi-launcher
2024/03/02 01:24:33 desktop-entry-parser.go:58: zafiro icon not found for icon name: slippi-launcher
2024/03/02 01:24:33 icons.go:32: no matches found for ardour8
2024/03/02 01:24:33 desktop-entry-parser.go:58: zafiro icon not found for icon name: ardour8
2024/03/02 01:24:33 icons.go:32: no matches found for com.github.wwmm.easyeffects
2024/03/02 01:24:33 desktop-entry-parser.go:58: zafiro icon not found for icon name: com.github.wwmm.easyeffects
2024/03/02 01:24:33 icons.go:32: no matches found for com.obsproject.Studio
2024/03/02 01:24:33 desktop-entry-parser.go:58: zafiro icon not found for icon name: com.obsproject.Studio
2024/03/02 01:24:33 icons.go:32: no matches found for cura-icon
2024/03/02 01:24:33 desktop-entry-parser.go:58: zafiro icon not found for icon name: cura-icon
2024/03/02 01:24:33 icons.go:32: no matches found for /usr/share/input-remapper/input-remapper.svg
2024/03/02 01:24:33 desktop-entry-parser.go:58: zafiro icon not found for icon name: /usr/share/input-remapper/input-remapper.svg
2024/03/02 01:24:33 icons.go:32: no matches found for /usr/share/input-remapper/input-remapper.svg
2024/03/02 01:24:33 desktop-entry-parser.go:58: zafiro icon not found for icon name: /usr/share/input-remapper/input-remapper.svg
2024/03/02 01:24:33 icons.go:32: no matches found for nix-snowflake
2024/03/02 01:24:33 desktop-entry-parser.go:58: zafiro icon not found for icon name: nix-snowflake
2024/03/02 01:24:33 icons.go:32: no matches found for one.alynx.showmethekey
2024/03/02 01:24:33 desktop-entry-parser.go:58: zafiro icon not found for icon name: one.alynx.showmethekey
2024/03/02 01:24:34 api.go:119: returning 16 results
2024/03/02 01:24:34 api.go:84: searchTerm = o
2024/03/02 01:24:34 icons.go:32: no matches found for lutris_steam
2024/03/02 01:24:34 desktop-entry-parser.go:58: zafiro icon not found for icon name: lutris_steam
2024/03/02 01:24:34 icons.go:32: no matches found for D15F_hh.0
2024/03/02 01:24:34 desktop-entry-parser.go:58: zafiro icon not found for icon name: D15F_hh.0
2024/03/02 01:24:34 icons.go:32: no matches found for ECB7_iexplore.0
2024/03/02 01:24:34 desktop-entry-parser.go:58: zafiro icon not found for icon name: ECB7_iexplore.0
2024/03/02 01:24:34 icons.go:32: no matches found for C06E_winhlp32.0
2024/03/02 01:24:34 desktop-entry-parser.go:58: zafiro icon not found for icon name: C06E_winhlp32.0
2024/03/02 01:24:34 icons.go:32: no matches found for 2E40_notepad.0
2024/03/02 01:24:34 desktop-entry-parser.go:58: zafiro icon not found for icon name: 2E40_notepad.0
2024/03/02 01:24:34 icons.go:32: no matches found for ECB7_iexplore.0
2024/03/02 01:24:34 desktop-entry-parser.go:58: zafiro icon not found for icon name: ECB7_iexplore.0
2024/03/02 01:24:34 icons.go:32: no matches found for ECB7_iexplore.0
2024/03/02 01:24:34 desktop-entry-parser.go:58: zafiro icon not found for icon name: ECB7_iexplore.0
2024/03/02 01:24:34 icons.go:32: no matches found for D23E_msiexec.0
2024/03/02 01:24:34 desktop-entry-parser.go:58: zafiro icon not found for icon name: D23E_msiexec.0
2024/03/02 01:24:34 icons.go:32: no matches found for ECB7_iexplore.0
2024/03/02 01:24:34 desktop-entry-parser.go:58: zafiro icon not found for icon name: ECB7_iexplore.0
2024/03/02 01:24:34 icons.go:32: no matches found for 3365_wordpad.0
2024/03/02 01:24:34 desktop-entry-parser.go:58: zafiro icon not found for icon name: 3365_wordpad.0
2024/03/02 01:24:34 icons.go:32: no matches found for 2E40_notepad.0
2024/03/02 01:24:34 desktop-entry-parser.go:58: zafiro icon not found for icon name: 2E40_notepad.0
2024/03/02 01:24:34 icons.go:32: no matches found for 5742_rundll32.0
2024/03/02 01:24:34 desktop-entry-parser.go:58: zafiro icon not found for icon name: 5742_rundll32.0
2024/03/02 01:24:34 icons.go:32: no matches found for 2905_wscript.0
2024/03/02 01:24:34 desktop-entry-parser.go:58: zafiro icon not found for icon name: 2905_wscript.0
2024/03/02 01:24:34 icons.go:32: no matches found for 3365_wordpad.0
2024/03/02 01:24:34 desktop-entry-parser.go:58: zafiro icon not found for icon name: 3365_wordpad.0
2024/03/02 01:24:34 icons.go:32: no matches found for hu.irl.cameractrls
2024/03/02 01:24:34 desktop-entry-parser.go:58: zafiro icon not found for icon name: hu.irl.cameractrls
2024/03/02 01:24:34 icons.go:32: no matches found for slippi-launcher
2024/03/02 01:24:34 desktop-entry-parser.go:58: zafiro icon not found for icon name: slippi-launcher
2024/03/02 01:24:34 icons.go:32: no matches found for ardour8
2024/03/02 01:24:34 desktop-entry-parser.go:58: zafiro icon not found for icon name: ardour8
2024/03/02 01:24:34 icons.go:32: no matches found for com.github.wwmm.easyeffects
2024/03/02 01:24:34 desktop-entry-parser.go:58: zafiro icon not found for icon name: com.github.wwmm.easyeffects
2024/03/02 01:24:34 icons.go:32: no matches found for com.obsproject.Studio
2024/03/02 01:24:34 desktop-entry-parser.go:58: zafiro icon not found for icon name: com.obsproject.Studio
2024/03/02 01:24:34 icons.go:32: no matches found for cura-icon
2024/03/02 01:24:34 desktop-entry-parser.go:58: zafiro icon not found for icon name: cura-icon
2024/03/02 01:24:34 icons.go:32: no matches found for /usr/share/input-remapper/input-remapper.svg
2024/03/02 01:24:34 desktop-entry-parser.go:58: zafiro icon not found for icon name: /usr/share/input-remapper/input-remapper.svg
2024/03/02 01:24:34 icons.go:32: no matches found for /usr/share/input-remapper/input-remapper.svg
2024/03/02 01:24:34 desktop-entry-parser.go:58: zafiro icon not found for icon name: /usr/share/input-remapper/input-remapper.svg
2024/03/02 01:24:34 icons.go:32: no matches found for nix-snowflake
2024/03/02 01:24:34 desktop-entry-parser.go:58: zafiro icon not found for icon name: nix-snowflake
2024/03/02 01:24:34 icons.go:32: no matches found for one.alynx.showmethekey
2024/03/02 01:24:34 desktop-entry-parser.go:58: zafiro icon not found for icon name: one.alynx.showmethekey
2024/03/02 01:24:35 api.go:119: returning 35 results
2024/03/02 01:24:39 api.go:84: searchTerm = 
2024/03/02 01:24:39 icons.go:32: no matches found for lutris_steam
2024/03/02 01:24:39 desktop-entry-parser.go:58: zafiro icon not found for icon name: lutris_steam
2024/03/02 01:24:39 icons.go:32: no matches found for D15F_hh.0
2024/03/02 01:24:39 desktop-entry-parser.go:58: zafiro icon not found for icon name: D15F_hh.0
2024/03/02 01:24:39 icons.go:32: no matches found for ECB7_iexplore.0
2024/03/02 01:24:39 desktop-entry-parser.go:58: zafiro icon not found for icon name: ECB7_iexplore.0
2024/03/02 01:24:39 icons.go:32: no matches found for C06E_winhlp32.0
2024/03/02 01:24:39 desktop-entry-parser.go:58: zafiro icon not found for icon name: C06E_winhlp32.0
2024/03/02 01:24:39 icons.go:32: no matches found for 2E40_notepad.0
2024/03/02 01:24:39 desktop-entry-parser.go:58: zafiro icon not found for icon name: 2E40_notepad.0
2024/03/02 01:24:39 icons.go:32: no matches found for ECB7_iexplore.0
2024/03/02 01:24:39 desktop-entry-parser.go:58: zafiro icon not found for icon name: ECB7_iexplore.0
2024/03/02 01:24:39 icons.go:32: no matches found for ECB7_iexplore.0
2024/03/02 01:24:39 desktop-entry-parser.go:58: zafiro icon not found for icon name: ECB7_iexplore.0
2024/03/02 01:24:39 icons.go:32: no matches found for D23E_msiexec.0
2024/03/02 01:24:39 desktop-entry-parser.go:58: zafiro icon not found for icon name: D23E_msiexec.0
2024/03/02 01:24:39 icons.go:32: no matches found for ECB7_iexplore.0
2024/03/02 01:24:39 desktop-entry-parser.go:58: zafiro icon not found for icon name: ECB7_iexplore.0
2024/03/02 01:24:39 icons.go:32: no matches found for 3365_wordpad.0
2024/03/02 01:24:39 desktop-entry-parser.go:58: zafiro icon not found for icon name: 3365_wordpad.0
2024/03/02 01:24:39 icons.go:32: no matches found for 2E40_notepad.0
2024/03/02 01:24:39 desktop-entry-parser.go:58: zafiro icon not found for icon name: 2E40_notepad.0
2024/03/02 01:24:39 icons.go:32: no matches found for 5742_rundll32.0
2024/03/02 01:24:39 desktop-entry-parser.go:58: zafiro icon not found for icon name: 5742_rundll32.0
2024/03/02 01:24:39 icons.go:32: no matches found for 2905_wscript.0
2024/03/02 01:24:39 desktop-entry-parser.go:58: zafiro icon not found for icon name: 2905_wscript.0
2024/03/02 01:24:39 icons.go:32: no matches found for 3365_wordpad.0
2024/03/02 01:24:39 desktop-entry-parser.go:58: zafiro icon not found for icon name: 3365_wordpad.0
2024/03/02 01:24:39 icons.go:32: no matches found for hu.irl.cameractrls
2024/03/02 01:24:39 desktop-entry-parser.go:58: zafiro icon not found for icon name: hu.irl.cameractrls
2024/03/02 01:24:39 icons.go:32: no matches found for slippi-launcher
2024/03/02 01:24:39 desktop-entry-parser.go:58: zafiro icon not found for icon name: slippi-launcher
2024/03/02 01:24:39 icons.go:32: no matches found for ardour8
2024/03/02 01:24:39 desktop-entry-parser.go:58: zafiro icon not found for icon name: ardour8
2024/03/02 01:24:39 icons.go:32: no matches found for com.github.wwmm.easyeffects
2024/03/02 01:24:39 desktop-entry-parser.go:58: zafiro icon not found for icon name: com.github.wwmm.easyeffects
2024/03/02 01:24:39 icons.go:32: no matches found for com.obsproject.Studio
2024/03/02 01:24:39 desktop-entry-parser.go:58: zafiro icon not found for icon name: com.obsproject.Studio
2024/03/02 01:24:39 icons.go:32: no matches found for cura-icon
2024/03/02 01:24:39 desktop-entry-parser.go:58: zafiro icon not found for icon name: cura-icon
2024/03/02 01:24:39 icons.go:32: no matches found for /usr/share/input-remapper/input-remapper.svg
2024/03/02 01:24:39 desktop-entry-parser.go:58: zafiro icon not found for icon name: /usr/share/input-remapper/input-remapper.svg
2024/03/02 01:24:39 icons.go:32: no matches found for /usr/share/input-remapper/input-remapper.svg
2024/03/02 01:24:39 desktop-entry-parser.go:58: zafiro icon not found for icon name: /usr/share/input-remapper/input-remapper.svg
2024/03/02 01:24:39 icons.go:32: no matches found for nix-snowflake
2024/03/02 01:24:39 desktop-entry-parser.go:58: zafiro icon not found for icon name: nix-snowflake
2024/03/02 01:24:39 icons.go:32: no matches found for one.alynx.showmethekey
2024/03/02 01:24:39 desktop-entry-parser.go:58: zafiro icon not found for icon name: one.alynx.showmethekey
2024/03/02 01:24:39 api.go:119: returning 16 results
2024/03/02 01:24:41 api.go:84: searchTerm = s
2024/03/02 01:24:41 icons.go:32: no matches found for lutris_steam
2024/03/02 01:24:41 desktop-entry-parser.go:58: zafiro icon not found for icon name: lutris_steam
2024/03/02 01:24:41 icons.go:32: no matches found for D15F_hh.0
2024/03/02 01:24:41 desktop-entry-parser.go:58: zafiro icon not found for icon name: D15F_hh.0
2024/03/02 01:24:41 icons.go:32: no matches found for ECB7_iexplore.0
2024/03/02 01:24:41 desktop-entry-parser.go:58: zafiro icon not found for icon name: ECB7_iexplore.0
2024/03/02 01:24:41 icons.go:32: no matches found for C06E_winhlp32.0
2024/03/02 01:24:41 desktop-entry-parser.go:58: zafiro icon not found for icon name: C06E_winhlp32.0
2024/03/02 01:24:41 icons.go:32: no matches found for 2E40_notepad.0
2024/03/02 01:24:41 desktop-entry-parser.go:58: zafiro icon not found for icon name: 2E40_notepad.0
2024/03/02 01:24:41 icons.go:32: no matches found for ECB7_iexplore.0
2024/03/02 01:24:41 desktop-entry-parser.go:58: zafiro icon not found for icon name: ECB7_iexplore.0
2024/03/02 01:24:41 icons.go:32: no matches found for ECB7_iexplore.0
2024/03/02 01:24:41 desktop-entry-parser.go:58: zafiro icon not found for icon name: ECB7_iexplore.0
2024/03/02 01:24:41 icons.go:32: no matches found for D23E_msiexec.0
2024/03/02 01:24:41 desktop-entry-parser.go:58: zafiro icon not found for icon name: D23E_msiexec.0
2024/03/02 01:24:41 icons.go:32: no matches found for ECB7_iexplore.0
2024/03/02 01:24:41 desktop-entry-parser.go:58: zafiro icon not found for icon name: ECB7_iexplore.0
2024/03/02 01:24:41 icons.go:32: no matches found for 3365_wordpad.0
2024/03/02 01:24:41 desktop-entry-parser.go:58: zafiro icon not found for icon name: 3365_wordpad.0
2024/03/02 01:24:41 icons.go:32: no matches found for 2E40_notepad.0
2024/03/02 01:24:41 desktop-entry-parser.go:58: zafiro icon not found for icon name: 2E40_notepad.0
2024/03/02 01:24:41 icons.go:32: no matches found for 5742_rundll32.0
2024/03/02 01:24:41 desktop-entry-parser.go:58: zafiro icon not found for icon name: 5742_rundll32.0
2024/03/02 01:24:41 icons.go:32: no matches found for 2905_wscript.0
2024/03/02 01:24:41 desktop-entry-parser.go:58: zafiro icon not found for icon name: 2905_wscript.0
2024/03/02 01:24:41 icons.go:32: no matches found for 3365_wordpad.0
2024/03/02 01:24:41 desktop-entry-parser.go:58: zafiro icon not found for icon name: 3365_wordpad.0
2024/03/02 01:24:41 icons.go:32: no matches found for hu.irl.cameractrls
2024/03/02 01:24:41 desktop-entry-parser.go:58: zafiro icon not found for icon name: hu.irl.cameractrls
2024/03/02 01:24:41 icons.go:32: no matches found for slippi-launcher
2024/03/02 01:24:41 desktop-entry-parser.go:58: zafiro icon not found for icon name: slippi-launcher
2024/03/02 01:24:41 icons.go:32: no matches found for ardour8
2024/03/02 01:24:41 desktop-entry-parser.go:58: zafiro icon not found for icon name: ardour8
2024/03/02 01:24:41 icons.go:32: no matches found for com.github.wwmm.easyeffects
2024/03/02 01:24:41 desktop-entry-parser.go:58: zafiro icon not found for icon name: com.github.wwmm.easyeffects
2024/03/02 01:24:41 icons.go:32: no matches found for com.obsproject.Studio
2024/03/02 01:24:41 desktop-entry-parser.go:58: zafiro icon not found for icon name: com.obsproject.Studio
2024/03/02 01:24:41 icons.go:32: no matches found for cura-icon
2024/03/02 01:24:41 desktop-entry-parser.go:58: zafiro icon not found for icon name: cura-icon
2024/03/02 01:24:41 icons.go:32: no matches found for /usr/share/input-remapper/input-remapper.svg
2024/03/02 01:24:41 desktop-entry-parser.go:58: zafiro icon not found for icon name: /usr/share/input-remapper/input-remapper.svg
2024/03/02 01:24:41 icons.go:32: no matches found for /usr/share/input-remapper/input-remapper.svg
2024/03/02 01:24:41 desktop-entry-parser.go:58: zafiro icon not found for icon name: /usr/share/input-remapper/input-remapper.svg
2024/03/02 01:24:41 icons.go:32: no matches found for nix-snowflake
2024/03/02 01:24:41 desktop-entry-parser.go:58: zafiro icon not found for icon name: nix-snowflake
2024/03/02 01:24:41 icons.go:32: no matches found for one.alynx.showmethekey
2024/03/02 01:24:41 desktop-entry-parser.go:58: zafiro icon not found for icon name: one.alynx.showmethekey
2024/03/02 01:24:42 api.go:119: returning 27 results
2024/03/02 01:24:42 api.go:84: searchTerm = sp
2024/03/02 01:24:42 icons.go:32: no matches found for lutris_steam
2024/03/02 01:24:42 desktop-entry-parser.go:58: zafiro icon not found for icon name: lutris_steam
2024/03/02 01:24:42 icons.go:32: no matches found for D15F_hh.0
2024/03/02 01:24:42 desktop-entry-parser.go:58: zafiro icon not found for icon name: D15F_hh.0
2024/03/02 01:24:42 icons.go:32: no matches found for ECB7_iexplore.0
2024/03/02 01:24:42 desktop-entry-parser.go:58: zafiro icon not found for icon name: ECB7_iexplore.0
2024/03/02 01:24:42 icons.go:32: no matches found for C06E_winhlp32.0
2024/03/02 01:24:42 desktop-entry-parser.go:58: zafiro icon not found for icon name: C06E_winhlp32.0
2024/03/02 01:24:42 icons.go:32: no matches found for 2E40_notepad.0
2024/03/02 01:24:42 desktop-entry-parser.go:58: zafiro icon not found for icon name: 2E40_notepad.0
2024/03/02 01:24:42 icons.go:32: no matches found for ECB7_iexplore.0
2024/03/02 01:24:42 desktop-entry-parser.go:58: zafiro icon not found for icon name: ECB7_iexplore.0
2024/03/02 01:24:42 icons.go:32: no matches found for ECB7_iexplore.0
2024/03/02 01:24:42 desktop-entry-parser.go:58: zafiro icon not found for icon name: ECB7_iexplore.0
2024/03/02 01:24:42 icons.go:32: no matches found for D23E_msiexec.0
2024/03/02 01:24:42 desktop-entry-parser.go:58: zafiro icon not found for icon name: D23E_msiexec.0
2024/03/02 01:24:42 icons.go:32: no matches found for ECB7_iexplore.0
2024/03/02 01:24:42 desktop-entry-parser.go:58: zafiro icon not found for icon name: ECB7_iexplore.0
2024/03/02 01:24:42 icons.go:32: no matches found for 3365_wordpad.0
2024/03/02 01:24:42 desktop-entry-parser.go:58: zafiro icon not found for icon name: 3365_wordpad.0
2024/03/02 01:24:42 icons.go:32: no matches found for 2E40_notepad.0
2024/03/02 01:24:42 desktop-entry-parser.go:58: zafiro icon not found for icon name: 2E40_notepad.0
2024/03/02 01:24:42 icons.go:32: no matches found for 5742_rundll32.0
2024/03/02 01:24:42 desktop-entry-parser.go:58: zafiro icon not found for icon name: 5742_rundll32.0
2024/03/02 01:24:42 icons.go:32: no matches found for 2905_wscript.0
2024/03/02 01:24:42 desktop-entry-parser.go:58: zafiro icon not found for icon name: 2905_wscript.0
2024/03/02 01:24:42 icons.go:32: no matches found for 3365_wordpad.0
2024/03/02 01:24:42 desktop-entry-parser.go:58: zafiro icon not found for icon name: 3365_wordpad.0
2024/03/02 01:24:42 icons.go:32: no matches found for hu.irl.cameractrls
2024/03/02 01:24:42 desktop-entry-parser.go:58: zafiro icon not found for icon name: hu.irl.cameractrls
2024/03/02 01:24:42 icons.go:32: no matches found for slippi-launcher
2024/03/02 01:24:42 desktop-entry-parser.go:58: zafiro icon not found for icon name: slippi-launcher
2024/03/02 01:24:42 icons.go:32: no matches found for ardour8
2024/03/02 01:24:42 desktop-entry-parser.go:58: zafiro icon not found for icon name: ardour8
2024/03/02 01:24:42 icons.go:32: no matches found for com.github.wwmm.easyeffects
2024/03/02 01:24:42 desktop-entry-parser.go:58: zafiro icon not found for icon name: com.github.wwmm.easyeffects
2024/03/02 01:24:42 icons.go:32: no matches found for com.obsproject.Studio
2024/03/02 01:24:42 desktop-entry-parser.go:58: zafiro icon not found for icon name: com.obsproject.Studio
2024/03/02 01:24:42 icons.go:32: no matches found for cura-icon
2024/03/02 01:24:42 desktop-entry-parser.go:58: zafiro icon not found for icon name: cura-icon
2024/03/02 01:24:42 icons.go:32: no matches found for /usr/share/input-remapper/input-remapper.svg
2024/03/02 01:24:42 desktop-entry-parser.go:58: zafiro icon not found for icon name: /usr/share/input-remapper/input-remapper.svg
2024/03/02 01:24:42 icons.go:32: no matches found for /usr/share/input-remapper/input-remapper.svg
2024/03/02 01:24:42 desktop-entry-parser.go:58: zafiro icon not found for icon name: /usr/share/input-remapper/input-remapper.svg
2024/03/02 01:24:42 icons.go:32: no matches found for nix-snowflake
2024/03/02 01:24:42 desktop-entry-parser.go:58: zafiro icon not found for icon name: nix-snowflake
2024/03/02 01:24:42 icons.go:32: no matches found for one.alynx.showmethekey
2024/03/02 01:24:42 desktop-entry-parser.go:58: zafiro icon not found for icon name: one.alynx.showmethekey
2024/03/02 01:24:43 api.go:119: returning 4 results
2024/03/02 01:24:43 api.go:84: searchTerm = spo
2024/03/02 01:24:43 icons.go:32: no matches found for lutris_steam
2024/03/02 01:24:43 desktop-entry-parser.go:58: zafiro icon not found for icon name: lutris_steam
2024/03/02 01:24:43 icons.go:32: no matches found for D15F_hh.0
2024/03/02 01:24:43 desktop-entry-parser.go:58: zafiro icon not found for icon name: D15F_hh.0
2024/03/02 01:24:43 icons.go:32: no matches found for ECB7_iexplore.0
2024/03/02 01:24:43 desktop-entry-parser.go:58: zafiro icon not found for icon name: ECB7_iexplore.0
2024/03/02 01:24:43 icons.go:32: no matches found for C06E_winhlp32.0
2024/03/02 01:24:43 desktop-entry-parser.go:58: zafiro icon not found for icon name: C06E_winhlp32.0
2024/03/02 01:24:43 icons.go:32: no matches found for 2E40_notepad.0
2024/03/02 01:24:43 desktop-entry-parser.go:58: zafiro icon not found for icon name: 2E40_notepad.0
2024/03/02 01:24:43 icons.go:32: no matches found for ECB7_iexplore.0
2024/03/02 01:24:43 desktop-entry-parser.go:58: zafiro icon not found for icon name: ECB7_iexplore.0
2024/03/02 01:24:43 icons.go:32: no matches found for ECB7_iexplore.0
2024/03/02 01:24:43 desktop-entry-parser.go:58: zafiro icon not found for icon name: ECB7_iexplore.0
2024/03/02 01:24:43 icons.go:32: no matches found for D23E_msiexec.0
2024/03/02 01:24:43 desktop-entry-parser.go:58: zafiro icon not found for icon name: D23E_msiexec.0
2024/03/02 01:24:43 icons.go:32: no matches found for ECB7_iexplore.0
2024/03/02 01:24:43 desktop-entry-parser.go:58: zafiro icon not found for icon name: ECB7_iexplore.0
2024/03/02 01:24:43 icons.go:32: no matches found for 3365_wordpad.0
2024/03/02 01:24:43 desktop-entry-parser.go:58: zafiro icon not found for icon name: 3365_wordpad.0
2024/03/02 01:24:43 icons.go:32: no matches found for 2E40_notepad.0
2024/03/02 01:24:43 desktop-entry-parser.go:58: zafiro icon not found for icon name: 2E40_notepad.0
2024/03/02 01:24:43 icons.go:32: no matches found for 5742_rundll32.0
2024/03/02 01:24:43 desktop-entry-parser.go:58: zafiro icon not found for icon name: 5742_rundll32.0
2024/03/02 01:24:43 icons.go:32: no matches found for 2905_wscript.0
2024/03/02 01:24:43 desktop-entry-parser.go:58: zafiro icon not found for icon name: 2905_wscript.0
2024/03/02 01:24:43 icons.go:32: no matches found for 3365_wordpad.0
2024/03/02 01:24:43 desktop-entry-parser.go:58: zafiro icon not found for icon name: 3365_wordpad.0
2024/03/02 01:24:43 icons.go:32: no matches found for hu.irl.cameractrls
2024/03/02 01:24:43 desktop-entry-parser.go:58: zafiro icon not found for icon name: hu.irl.cameractrls
2024/03/02 01:24:43 icons.go:32: no matches found for slippi-launcher
2024/03/02 01:24:43 desktop-entry-parser.go:58: zafiro icon not found for icon name: slippi-launcher
2024/03/02 01:24:43 icons.go:32: no matches found for ardour8
2024/03/02 01:24:43 desktop-entry-parser.go:58: zafiro icon not found for icon name: ardour8
2024/03/02 01:24:43 icons.go:32: no matches found for com.github.wwmm.easyeffects
2024/03/02 01:24:43 desktop-entry-parser.go:58: zafiro icon not found for icon name: com.github.wwmm.easyeffects
2024/03/02 01:24:43 icons.go:32: no matches found for com.obsproject.Studio
2024/03/02 01:24:43 desktop-entry-parser.go:58: zafiro icon not found for icon name: com.obsproject.Studio
2024/03/02 01:24:43 icons.go:32: no matches found for cura-icon
2024/03/02 01:24:43 desktop-entry-parser.go:58: zafiro icon not found for icon name: cura-icon
2024/03/02 01:24:43 icons.go:32: no matches found for /usr/share/input-remapper/input-remapper.svg
2024/03/02 01:24:43 desktop-entry-parser.go:58: zafiro icon not found for icon name: /usr/share/input-remapper/input-remapper.svg
2024/03/02 01:24:43 icons.go:32: no matches found for /usr/share/input-remapper/input-remapper.svg
2024/03/02 01:24:43 desktop-entry-parser.go:58: zafiro icon not found for icon name: /usr/share/input-remapper/input-remapper.svg
2024/03/02 01:24:43 icons.go:32: no matches found for nix-snowflake
2024/03/02 01:24:43 desktop-entry-parser.go:58: zafiro icon not found for icon name: nix-snowflake
2024/03/02 01:24:43 icons.go:32: no matches found for one.alynx.showmethekey
2024/03/02 01:24:43 desktop-entry-parser.go:58: zafiro icon not found for icon name: one.alynx.showmethekey
2024/03/02 01:24:44 api.go:119: returning 2 results
2024/03/02 01:24:44 api.go:84: searchTerm = spot
2024/03/02 01:24:44 icons.go:32: no matches found for lutris_steam
2024/03/02 01:24:44 desktop-entry-parser.go:58: zafiro icon not found for icon name: lutris_steam
2024/03/02 01:24:44 icons.go:32: no matches found for D15F_hh.0
2024/03/02 01:24:44 desktop-entry-parser.go:58: zafiro icon not found for icon name: D15F_hh.0
2024/03/02 01:24:44 icons.go:32: no matches found for ECB7_iexplore.0
2024/03/02 01:24:44 desktop-entry-parser.go:58: zafiro icon not found for icon name: ECB7_iexplore.0
2024/03/02 01:24:44 icons.go:32: no matches found for C06E_winhlp32.0
2024/03/02 01:24:44 desktop-entry-parser.go:58: zafiro icon not found for icon name: C06E_winhlp32.0
2024/03/02 01:24:44 icons.go:32: no matches found for 2E40_notepad.0
2024/03/02 01:24:44 desktop-entry-parser.go:58: zafiro icon not found for icon name: 2E40_notepad.0
2024/03/02 01:24:44 icons.go:32: no matches found for ECB7_iexplore.0
2024/03/02 01:24:44 desktop-entry-parser.go:58: zafiro icon not found for icon name: ECB7_iexplore.0
2024/03/02 01:24:44 icons.go:32: no matches found for ECB7_iexplore.0
2024/03/02 01:24:44 desktop-entry-parser.go:58: zafiro icon not found for icon name: ECB7_iexplore.0
2024/03/02 01:24:44 icons.go:32: no matches found for D23E_msiexec.0
2024/03/02 01:24:44 desktop-entry-parser.go:58: zafiro icon not found for icon name: D23E_msiexec.0
2024/03/02 01:24:44 icons.go:32: no matches found for ECB7_iexplore.0
2024/03/02 01:24:44 desktop-entry-parser.go:58: zafiro icon not found for icon name: ECB7_iexplore.0
2024/03/02 01:24:44 icons.go:32: no matches found for 3365_wordpad.0
2024/03/02 01:24:44 desktop-entry-parser.go:58: zafiro icon not found for icon name: 3365_wordpad.0
2024/03/02 01:24:44 icons.go:32: no matches found for 2E40_notepad.0
2024/03/02 01:24:44 desktop-entry-parser.go:58: zafiro icon not found for icon name: 2E40_notepad.0
2024/03/02 01:24:44 icons.go:32: no matches found for 5742_rundll32.0
2024/03/02 01:24:44 desktop-entry-parser.go:58: zafiro icon not found for icon name: 5742_rundll32.0
2024/03/02 01:24:44 icons.go:32: no matches found for 2905_wscript.0
2024/03/02 01:24:44 desktop-entry-parser.go:58: zafiro icon not found for icon name: 2905_wscript.0
2024/03/02 01:24:44 icons.go:32: no matches found for 3365_wordpad.0
2024/03/02 01:24:44 desktop-entry-parser.go:58: zafiro icon not found for icon name: 3365_wordpad.0
2024/03/02 01:24:44 icons.go:32: no matches found for hu.irl.cameractrls
2024/03/02 01:24:44 desktop-entry-parser.go:58: zafiro icon not found for icon name: hu.irl.cameractrls
2024/03/02 01:24:44 icons.go:32: no matches found for slippi-launcher
2024/03/02 01:24:44 desktop-entry-parser.go:58: zafiro icon not found for icon name: slippi-launcher
2024/03/02 01:24:44 icons.go:32: no matches found for ardour8
2024/03/02 01:24:44 desktop-entry-parser.go:58: zafiro icon not found for icon name: ardour8
2024/03/02 01:24:44 icons.go:32: no matches found for com.github.wwmm.easyeffects
2024/03/02 01:24:44 desktop-entry-parser.go:58: zafiro icon not found for icon name: com.github.wwmm.easyeffects
2024/03/02 01:24:44 icons.go:32: no matches found for com.obsproject.Studio
2024/03/02 01:24:44 desktop-entry-parser.go:58: zafiro icon not found for icon name: com.obsproject.Studio
2024/03/02 01:24:44 icons.go:32: no matches found for cura-icon
2024/03/02 01:24:44 desktop-entry-parser.go:58: zafiro icon not found for icon name: cura-icon
2024/03/02 01:24:44 icons.go:32: no matches found for /usr/share/input-remapper/input-remapper.svg
2024/03/02 01:24:44 desktop-entry-parser.go:58: zafiro icon not found for icon name: /usr/share/input-remapper/input-remapper.svg
2024/03/02 01:24:44 icons.go:32: no matches found for /usr/share/input-remapper/input-remapper.svg
2024/03/02 01:24:44 desktop-entry-parser.go:58: zafiro icon not found for icon name: /usr/share/input-remapper/input-remapper.svg
2024/03/02 01:24:44 icons.go:32: no matches found for nix-snowflake
2024/03/02 01:24:44 desktop-entry-parser.go:58: zafiro icon not found for icon name: nix-snowflake
2024/03/02 01:24:44 icons.go:32: no matches found for one.alynx.showmethekey
2024/03/02 01:24:44 desktop-entry-parser.go:58: zafiro icon not found for icon name: one.alynx.showmethekey
2024/03/02 01:24:45 api.go:119: returning 1 results
2024/03/02 01:24:45 api.go:84: searchTerm = spoti
2024/03/02 01:24:45 icons.go:32: no matches found for lutris_steam
2024/03/02 01:24:45 desktop-entry-parser.go:58: zafiro icon not found for icon name: lutris_steam
2024/03/02 01:24:45 icons.go:32: no matches found for D15F_hh.0
2024/03/02 01:24:45 desktop-entry-parser.go:58: zafiro icon not found for icon name: D15F_hh.0
2024/03/02 01:24:45 icons.go:32: no matches found for ECB7_iexplore.0
2024/03/02 01:24:45 desktop-entry-parser.go:58: zafiro icon not found for icon name: ECB7_iexplore.0
2024/03/02 01:24:45 icons.go:32: no matches found for C06E_winhlp32.0
2024/03/02 01:24:45 desktop-entry-parser.go:58: zafiro icon not found for icon name: C06E_winhlp32.0
2024/03/02 01:24:45 icons.go:32: no matches found for 2E40_notepad.0
2024/03/02 01:24:45 desktop-entry-parser.go:58: zafiro icon not found for icon name: 2E40_notepad.0
2024/03/02 01:24:45 icons.go:32: no matches found for ECB7_iexplore.0
2024/03/02 01:24:45 desktop-entry-parser.go:58: zafiro icon not found for icon name: ECB7_iexplore.0
2024/03/02 01:24:45 icons.go:32: no matches found for ECB7_iexplore.0
2024/03/02 01:24:45 desktop-entry-parser.go:58: zafiro icon not found for icon name: ECB7_iexplore.0
2024/03/02 01:24:45 icons.go:32: no matches found for D23E_msiexec.0
2024/03/02 01:24:45 desktop-entry-parser.go:58: zafiro icon not found for icon name: D23E_msiexec.0
2024/03/02 01:24:45 icons.go:32: no matches found for ECB7_iexplore.0
2024/03/02 01:24:45 desktop-entry-parser.go:58: zafiro icon not found for icon name: ECB7_iexplore.0
2024/03/02 01:24:45 icons.go:32: no matches found for 3365_wordpad.0
2024/03/02 01:24:45 desktop-entry-parser.go:58: zafiro icon not found for icon name: 3365_wordpad.0
2024/03/02 01:24:45 icons.go:32: no matches found for 2E40_notepad.0
2024/03/02 01:24:45 desktop-entry-parser.go:58: zafiro icon not found for icon name: 2E40_notepad.0
2024/03/02 01:24:45 icons.go:32: no matches found for 5742_rundll32.0
2024/03/02 01:24:45 desktop-entry-parser.go:58: zafiro icon not found for icon name: 5742_rundll32.0
2024/03/02 01:24:45 icons.go:32: no matches found for 2905_wscript.0
2024/03/02 01:24:45 desktop-entry-parser.go:58: zafiro icon not found for icon name: 2905_wscript.0
2024/03/02 01:24:45 icons.go:32: no matches found for 3365_wordpad.0
2024/03/02 01:24:45 desktop-entry-parser.go:58: zafiro icon not found for icon name: 3365_wordpad.0
2024/03/02 01:24:45 icons.go:32: no matches found for hu.irl.cameractrls
2024/03/02 01:24:45 desktop-entry-parser.go:58: zafiro icon not found for icon name: hu.irl.cameractrls
2024/03/02 01:24:45 icons.go:32: no matches found for slippi-launcher
2024/03/02 01:24:45 desktop-entry-parser.go:58: zafiro icon not found for icon name: slippi-launcher
2024/03/02 01:24:45 icons.go:32: no matches found for ardour8
2024/03/02 01:24:45 desktop-entry-parser.go:58: zafiro icon not found for icon name: ardour8
2024/03/02 01:24:45 icons.go:32: no matches found for com.github.wwmm.easyeffects
2024/03/02 01:24:45 desktop-entry-parser.go:58: zafiro icon not found for icon name: com.github.wwmm.easyeffects
2024/03/02 01:24:45 icons.go:32: no matches found for com.obsproject.Studio
2024/03/02 01:24:45 desktop-entry-parser.go:58: zafiro icon not found for icon name: com.obsproject.Studio
2024/03/02 01:24:45 icons.go:32: no matches found for cura-icon
2024/03/02 01:24:45 desktop-entry-parser.go:58: zafiro icon not found for icon name: cura-icon
2024/03/02 01:24:45 icons.go:32: no matches found for /usr/share/input-remapper/input-remapper.svg
2024/03/02 01:24:45 desktop-entry-parser.go:58: zafiro icon not found for icon name: /usr/share/input-remapper/input-remapper.svg
2024/03/02 01:24:45 icons.go:32: no matches found for /usr/share/input-remapper/input-remapper.svg
2024/03/02 01:24:45 desktop-entry-parser.go:58: zafiro icon not found for icon name: /usr/share/input-remapper/input-remapper.svg
2024/03/02 01:24:45 icons.go:32: no matches found for nix-snowflake
2024/03/02 01:24:45 desktop-entry-parser.go:58: zafiro icon not found for icon name: nix-snowflake
2024/03/02 01:24:45 icons.go:32: no matches found for one.alynx.showmethekey
2024/03/02 01:24:45 desktop-entry-parser.go:58: zafiro icon not found for icon name: one.alynx.showmethekey
2024/03/02 01:24:46 api.go:119: returning 1 results
2024/03/02 01:24:46 api.go:84: searchTerm = spotif
2024/03/02 01:24:46 icons.go:32: no matches found for lutris_steam
2024/03/02 01:24:46 desktop-entry-parser.go:58: zafiro icon not found for icon name: lutris_steam
2024/03/02 01:24:46 icons.go:32: no matches found for D15F_hh.0
2024/03/02 01:24:46 desktop-entry-parser.go:58: zafiro icon not found for icon name: D15F_hh.0
2024/03/02 01:24:46 icons.go:32: no matches found for ECB7_iexplore.0
2024/03/02 01:24:46 desktop-entry-parser.go:58: zafiro icon not found for icon name: ECB7_iexplore.0
2024/03/02 01:24:46 icons.go:32: no matches found for C06E_winhlp32.0
2024/03/02 01:24:46 desktop-entry-parser.go:58: zafiro icon not found for icon name: C06E_winhlp32.0
2024/03/02 01:24:46 icons.go:32: no matches found for 2E40_notepad.0
2024/03/02 01:24:46 desktop-entry-parser.go:58: zafiro icon not found for icon name: 2E40_notepad.0
2024/03/02 01:24:46 icons.go:32: no matches found for ECB7_iexplore.0
2024/03/02 01:24:46 desktop-entry-parser.go:58: zafiro icon not found for icon name: ECB7_iexplore.0
2024/03/02 01:24:46 icons.go:32: no matches found for ECB7_iexplore.0
2024/03/02 01:24:46 desktop-entry-parser.go:58: zafiro icon not found for icon name: ECB7_iexplore.0
2024/03/02 01:24:46 icons.go:32: no matches found for D23E_msiexec.0
2024/03/02 01:24:46 desktop-entry-parser.go:58: zafiro icon not found for icon name: D23E_msiexec.0
2024/03/02 01:24:46 icons.go:32: no matches found for ECB7_iexplore.0
2024/03/02 01:24:46 desktop-entry-parser.go:58: zafiro icon not found for icon name: ECB7_iexplore.0
2024/03/02 01:24:46 icons.go:32: no matches found for 3365_wordpad.0
2024/03/02 01:24:46 desktop-entry-parser.go:58: zafiro icon not found for icon name: 3365_wordpad.0
2024/03/02 01:24:46 icons.go:32: no matches found for 2E40_notepad.0
2024/03/02 01:24:46 desktop-entry-parser.go:58: zafiro icon not found for icon name: 2E40_notepad.0
2024/03/02 01:24:46 icons.go:32: no matches found for 5742_rundll32.0
2024/03/02 01:24:46 desktop-entry-parser.go:58: zafiro icon not found for icon name: 5742_rundll32.0
2024/03/02 01:24:46 icons.go:32: no matches found for 2905_wscript.0
2024/03/02 01:24:46 desktop-entry-parser.go:58: zafiro icon not found for icon name: 2905_wscript.0
2024/03/02 01:24:46 icons.go:32: no matches found for 3365_wordpad.0
2024/03/02 01:24:46 desktop-entry-parser.go:58: zafiro icon not found for icon name: 3365_wordpad.0
2024/03/02 01:24:46 icons.go:32: no matches found for hu.irl.cameractrls
2024/03/02 01:24:46 desktop-entry-parser.go:58: zafiro icon not found for icon name: hu.irl.cameractrls
2024/03/02 01:24:46 icons.go:32: no matches found for slippi-launcher
2024/03/02 01:24:46 desktop-entry-parser.go:58: zafiro icon not found for icon name: slippi-launcher
2024/03/02 01:24:46 icons.go:32: no matches found for ardour8
2024/03/02 01:24:46 desktop-entry-parser.go:58: zafiro icon not found for icon name: ardour8
2024/03/02 01:24:46 icons.go:32: no matches found for com.github.wwmm.easyeffects
2024/03/02 01:24:46 desktop-entry-parser.go:58: zafiro icon not found for icon name: com.github.wwmm.easyeffects
2024/03/02 01:24:46 icons.go:32: no matches found for com.obsproject.Studio
2024/03/02 01:24:46 desktop-entry-parser.go:58: zafiro icon not found for icon name: com.obsproject.Studio
2024/03/02 01:24:46 icons.go:32: no matches found for cura-icon
2024/03/02 01:24:46 desktop-entry-parser.go:58: zafiro icon not found for icon name: cura-icon
2024/03/02 01:24:46 icons.go:32: no matches found for /usr/share/input-remapper/input-remapper.svg
2024/03/02 01:24:46 desktop-entry-parser.go:58: zafiro icon not found for icon name: /usr/share/input-remapper/input-remapper.svg
2024/03/02 01:24:46 icons.go:32: no matches found for /usr/share/input-remapper/input-remapper.svg
2024/03/02 01:24:46 desktop-entry-parser.go:58: zafiro icon not found for icon name: /usr/share/input-remapper/input-remapper.svg
2024/03/02 01:24:46 icons.go:32: no matches found for nix-snowflake
2024/03/02 01:24:46 desktop-entry-parser.go:58: zafiro icon not found for icon name: nix-snowflake
2024/03/02 01:24:46 icons.go:32: no matches found for one.alynx.showmethekey
2024/03/02 01:24:46 desktop-entry-parser.go:58: zafiro icon not found for icon name: one.alynx.showmethekey
2024/03/02 01:24:47 api.go:119: returning 1 results
2024/03/02 01:24:47 api.go:84: searchTerm = spotify
2024/03/02 01:24:47 icons.go:32: no matches found for lutris_steam
2024/03/02 01:24:47 desktop-entry-parser.go:58: zafiro icon not found for icon name: lutris_steam
2024/03/02 01:24:47 icons.go:32: no matches found for D15F_hh.0
2024/03/02 01:24:47 desktop-entry-parser.go:58: zafiro icon not found for icon name: D15F_hh.0
2024/03/02 01:24:47 icons.go:32: no matches found for ECB7_iexplore.0
2024/03/02 01:24:47 desktop-entry-parser.go:58: zafiro icon not found for icon name: ECB7_iexplore.0
2024/03/02 01:24:47 icons.go:32: no matches found for C06E_winhlp32.0
2024/03/02 01:24:47 desktop-entry-parser.go:58: zafiro icon not found for icon name: C06E_winhlp32.0
2024/03/02 01:24:47 icons.go:32: no matches found for 2E40_notepad.0
2024/03/02 01:24:47 desktop-entry-parser.go:58: zafiro icon not found for icon name: 2E40_notepad.0
2024/03/02 01:24:47 icons.go:32: no matches found for ECB7_iexplore.0
2024/03/02 01:24:47 desktop-entry-parser.go:58: zafiro icon not found for icon name: ECB7_iexplore.0
2024/03/02 01:24:47 icons.go:32: no matches found for ECB7_iexplore.0
2024/03/02 01:24:47 desktop-entry-parser.go:58: zafiro icon not found for icon name: ECB7_iexplore.0
2024/03/02 01:24:47 icons.go:32: no matches found for D23E_msiexec.0
2024/03/02 01:24:47 desktop-entry-parser.go:58: zafiro icon not found for icon name: D23E_msiexec.0
2024/03/02 01:24:47 icons.go:32: no matches found for ECB7_iexplore.0
2024/03/02 01:24:47 desktop-entry-parser.go:58: zafiro icon not found for icon name: ECB7_iexplore.0
2024/03/02 01:24:47 icons.go:32: no matches found for 3365_wordpad.0
2024/03/02 01:24:47 desktop-entry-parser.go:58: zafiro icon not found for icon name: 3365_wordpad.0
2024/03/02 01:24:47 icons.go:32: no matches found for 2E40_notepad.0
2024/03/02 01:24:47 desktop-entry-parser.go:58: zafiro icon not found for icon name: 2E40_notepad.0
2024/03/02 01:24:47 icons.go:32: no matches found for 5742_rundll32.0
2024/03/02 01:24:47 desktop-entry-parser.go:58: zafiro icon not found for icon name: 5742_rundll32.0
2024/03/02 01:24:47 icons.go:32: no matches found for 2905_wscript.0
2024/03/02 01:24:47 desktop-entry-parser.go:58: zafiro icon not found for icon name: 2905_wscript.0
2024/03/02 01:24:47 icons.go:32: no matches found for 3365_wordpad.0
2024/03/02 01:24:47 desktop-entry-parser.go:58: zafiro icon not found for icon name: 3365_wordpad.0
2024/03/02 01:24:47 icons.go:32: no matches found for hu.irl.cameractrls
2024/03/02 01:24:47 desktop-entry-parser.go:58: zafiro icon not found for icon name: hu.irl.cameractrls
2024/03/02 01:24:47 icons.go:32: no matches found for slippi-launcher
2024/03/02 01:24:47 desktop-entry-parser.go:58: zafiro icon not found for icon name: slippi-launcher
2024/03/02 01:24:47 icons.go:32: no matches found for ardour8
2024/03/02 01:24:47 desktop-entry-parser.go:58: zafiro icon not found for icon name: ardour8
2024/03/02 01:24:47 icons.go:32: no matches found for com.github.wwmm.easyeffects
2024/03/02 01:24:47 desktop-entry-parser.go:58: zafiro icon not found for icon name: com.github.wwmm.easyeffects
2024/03/02 01:24:47 icons.go:32: no matches found for com.obsproject.Studio
2024/03/02 01:24:47 desktop-entry-parser.go:58: zafiro icon not found for icon name: com.obsproject.Studio
2024/03/02 01:24:47 icons.go:32: no matches found for cura-icon
2024/03/02 01:24:47 desktop-entry-parser.go:58: zafiro icon not found for icon name: cura-icon
2024/03/02 01:24:47 icons.go:32: no matches found for /usr/share/input-remapper/input-remapper.svg
2024/03/02 01:24:47 desktop-entry-parser.go:58: zafiro icon not found for icon name: /usr/share/input-remapper/input-remapper.svg
2024/03/02 01:24:47 icons.go:32: no matches found for /usr/share/input-remapper/input-remapper.svg
2024/03/02 01:24:47 desktop-entry-parser.go:58: zafiro icon not found for icon name: /usr/share/input-remapper/input-remapper.svg
2024/03/02 01:24:47 icons.go:32: no matches found for nix-snowflake
2024/03/02 01:24:47 desktop-entry-parser.go:58: zafiro icon not found for icon name: nix-snowflake
2024/03/02 01:24:47 icons.go:32: no matches found for one.alynx.showmethekey
2024/03/02 01:24:47 desktop-entry-parser.go:58: zafiro icon not found for icon name: one.alynx.showmethekey
2024/03/02 01:24:48 api.go:119: returning 1 results
2024/03/02 01:24:48 api.go:33: launching app spotify
2024/03/02 01:24:48 mru.go:46: found 10 mru entries
2024/03/02 01:24:48 mru.go:46: found 11 mru entries
2024/03/02 01:24:48 mru.go:87: found only 5 mru entries ; filling up 11 mru entries
2024/03/02 01:24:48 api.go:84: searchTerm = 
2024/03/02 01:24:48 icons.go:32: no matches found for lutris_steam
2024/03/02 01:24:48 desktop-entry-parser.go:58: zafiro icon not found for icon name: lutris_steam
2024/03/02 01:24:48 icons.go:32: no matches found for D15F_hh.0
2024/03/02 01:24:48 desktop-entry-parser.go:58: zafiro icon not found for icon name: D15F_hh.0
2024/03/02 01:24:48 icons.go:32: no matches found for ECB7_iexplore.0
2024/03/02 01:24:48 desktop-entry-parser.go:58: zafiro icon not found for icon name: ECB7_iexplore.0
2024/03/02 01:24:48 icons.go:32: no matches found for C06E_winhlp32.0
2024/03/02 01:24:48 desktop-entry-parser.go:58: zafiro icon not found for icon name: C06E_winhlp32.0
2024/03/02 01:24:48 icons.go:32: no matches found for 2E40_notepad.0
2024/03/02 01:24:48 desktop-entry-parser.go:58: zafiro icon not found for icon name: 2E40_notepad.0
2024/03/02 01:24:48 icons.go:32: no matches found for ECB7_iexplore.0
2024/03/02 01:24:48 desktop-entry-parser.go:58: zafiro icon not found for icon name: ECB7_iexplore.0
2024/03/02 01:24:48 icons.go:32: no matches found for ECB7_iexplore.0
2024/03/02 01:24:48 desktop-entry-parser.go:58: zafiro icon not found for icon name: ECB7_iexplore.0
2024/03/02 01:24:48 icons.go:32: no matches found for D23E_msiexec.0
2024/03/02 01:24:48 desktop-entry-parser.go:58: zafiro icon not found for icon name: D23E_msiexec.0
2024/03/02 01:24:48 icons.go:32: no matches found for ECB7_iexplore.0
2024/03/02 01:24:48 desktop-entry-parser.go:58: zafiro icon not found for icon name: ECB7_iexplore.0
2024/03/02 01:24:48 icons.go:32: no matches found for 3365_wordpad.0
2024/03/02 01:24:48 desktop-entry-parser.go:58: zafiro icon not found for icon name: 3365_wordpad.0
2024/03/02 01:24:48 icons.go:32: no matches found for 2E40_notepad.0
2024/03/02 01:24:48 desktop-entry-parser.go:58: zafiro icon not found for icon name: 2E40_notepad.0
2024/03/02 01:24:48 icons.go:32: no matches found for 5742_rundll32.0
2024/03/02 01:24:48 desktop-entry-parser.go:58: zafiro icon not found for icon name: 5742_rundll32.0
2024/03/02 01:24:48 icons.go:32: no matches found for 2905_wscript.0
2024/03/02 01:24:48 desktop-entry-parser.go:58: zafiro icon not found for icon name: 2905_wscript.0
2024/03/02 01:24:48 icons.go:32: no matches found for 3365_wordpad.0
2024/03/02 01:24:48 desktop-entry-parser.go:58: zafiro icon not found for icon name: 3365_wordpad.0
2024/03/02 01:24:48 icons.go:32: no matches found for hu.irl.cameractrls
2024/03/02 01:24:48 desktop-entry-parser.go:58: zafiro icon not found for icon name: hu.irl.cameractrls
2024/03/02 01:24:48 icons.go:32: no matches found for slippi-launcher
2024/03/02 01:24:48 desktop-entry-parser.go:58: zafiro icon not found for icon name: slippi-launcher
2024/03/02 01:24:48 icons.go:32: no matches found for ardour8
2024/03/02 01:24:48 desktop-entry-parser.go:58: zafiro icon not found for icon name: ardour8
2024/03/02 01:24:48 icons.go:32: no matches found for com.github.wwmm.easyeffects
2024/03/02 01:24:48 desktop-entry-parser.go:58: zafiro icon not found for icon name: com.github.wwmm.easyeffects
2024/03/02 01:24:48 icons.go:32: no matches found for com.obsproject.Studio
2024/03/02 01:24:48 desktop-entry-parser.go:58: zafiro icon not found for icon name: com.obsproject.Studio
2024/03/02 01:24:48 icons.go:32: no matches found for cura-icon
2024/03/02 01:24:48 desktop-entry-parser.go:58: zafiro icon not found for icon name: cura-icon
2024/03/02 01:24:48 icons.go:32: no matches found for /usr/share/input-remapper/input-remapper.svg
2024/03/02 01:24:48 desktop-entry-parser.go:58: zafiro icon not found for icon name: /usr/share/input-remapper/input-remapper.svg
2024/03/02 01:24:48 icons.go:32: no matches found for /usr/share/input-remapper/input-remapper.svg
2024/03/02 01:24:48 desktop-entry-parser.go:58: zafiro icon not found for icon name: /usr/share/input-remapper/input-remapper.svg
2024/03/02 01:24:48 icons.go:32: no matches found for nix-snowflake
2024/03/02 01:24:48 desktop-entry-parser.go:58: zafiro icon not found for icon name: nix-snowflake
2024/03/02 01:24:48 icons.go:32: no matches found for one.alynx.showmethekey
2024/03/02 01:24:48 desktop-entry-parser.go:58: zafiro icon not found for icon name: one.alynx.showmethekey
2024/03/02 01:24:49 api.go:119: returning 16 results
2024/03/02 01:24:53 api.go:84: searchTerm = 
2024/03/02 01:24:53 icons.go:32: no matches found for lutris_steam
2024/03/02 01:24:53 desktop-entry-parser.go:58: zafiro icon not found for icon name: lutris_steam
2024/03/02 01:24:53 icons.go:32: no matches found for D15F_hh.0
2024/03/02 01:24:53 desktop-entry-parser.go:58: zafiro icon not found for icon name: D15F_hh.0
2024/03/02 01:24:53 icons.go:32: no matches found for ECB7_iexplore.0
2024/03/02 01:24:53 desktop-entry-parser.go:58: zafiro icon not found for icon name: ECB7_iexplore.0
2024/03/02 01:24:53 icons.go:32: no matches found for C06E_winhlp32.0
2024/03/02 01:24:53 desktop-entry-parser.go:58: zafiro icon not found for icon name: C06E_winhlp32.0
2024/03/02 01:24:53 icons.go:32: no matches found for 2E40_notepad.0
2024/03/02 01:24:53 desktop-entry-parser.go:58: zafiro icon not found for icon name: 2E40_notepad.0
2024/03/02 01:24:53 icons.go:32: no matches found for ECB7_iexplore.0
2024/03/02 01:24:53 desktop-entry-parser.go:58: zafiro icon not found for icon name: ECB7_iexplore.0
2024/03/02 01:24:53 icons.go:32: no matches found for ECB7_iexplore.0
2024/03/02 01:24:53 desktop-entry-parser.go:58: zafiro icon not found for icon name: ECB7_iexplore.0
2024/03/02 01:24:53 icons.go:32: no matches found for D23E_msiexec.0
2024/03/02 01:24:53 desktop-entry-parser.go:58: zafiro icon not found for icon name: D23E_msiexec.0
2024/03/02 01:24:53 icons.go:32: no matches found for ECB7_iexplore.0
2024/03/02 01:24:53 desktop-entry-parser.go:58: zafiro icon not found for icon name: ECB7_iexplore.0
2024/03/02 01:24:53 icons.go:32: no matches found for 3365_wordpad.0
2024/03/02 01:24:53 desktop-entry-parser.go:58: zafiro icon not found for icon name: 3365_wordpad.0
2024/03/02 01:24:53 icons.go:32: no matches found for 2E40_notepad.0
2024/03/02 01:24:53 desktop-entry-parser.go:58: zafiro icon not found for icon name: 2E40_notepad.0
2024/03/02 01:24:53 icons.go:32: no matches found for 5742_rundll32.0
2024/03/02 01:24:53 desktop-entry-parser.go:58: zafiro icon not found for icon name: 5742_rundll32.0
2024/03/02 01:24:53 icons.go:32: no matches found for 2905_wscript.0
2024/03/02 01:24:53 desktop-entry-parser.go:58: zafiro icon not found for icon name: 2905_wscript.0
2024/03/02 01:24:53 icons.go:32: no matches found for 3365_wordpad.0
2024/03/02 01:24:53 desktop-entry-parser.go:58: zafiro icon not found for icon name: 3365_wordpad.0
2024/03/02 01:24:53 icons.go:32: no matches found for hu.irl.cameractrls
2024/03/02 01:24:53 desktop-entry-parser.go:58: zafiro icon not found for icon name: hu.irl.cameractrls
2024/03/02 01:24:53 icons.go:32: no matches found for slippi-launcher
2024/03/02 01:24:53 desktop-entry-parser.go:58: zafiro icon not found for icon name: slippi-launcher
2024/03/02 01:24:53 icons.go:32: no matches found for ardour8
2024/03/02 01:24:53 desktop-entry-parser.go:58: zafiro icon not found for icon name: ardour8
2024/03/02 01:24:53 icons.go:32: no matches found for com.github.wwmm.easyeffects
2024/03/02 01:24:53 desktop-entry-parser.go:58: zafiro icon not found for icon name: com.github.wwmm.easyeffects
2024/03/02 01:24:53 icons.go:32: no matches found for com.obsproject.Studio
2024/03/02 01:24:53 desktop-entry-parser.go:58: zafiro icon not found for icon name: com.obsproject.Studio
2024/03/02 01:24:53 icons.go:32: no matches found for cura-icon
2024/03/02 01:24:53 desktop-entry-parser.go:58: zafiro icon not found for icon name: cura-icon
2024/03/02 01:24:53 icons.go:32: no matches found for /usr/share/input-remapper/input-remapper.svg
2024/03/02 01:24:53 desktop-entry-parser.go:58: zafiro icon not found for icon name: /usr/share/input-remapper/input-remapper.svg
2024/03/02 01:24:53 icons.go:32: no matches found for /usr/share/input-remapper/input-remapper.svg
2024/03/02 01:24:53 desktop-entry-parser.go:58: zafiro icon not found for icon name: /usr/share/input-remapper/input-remapper.svg
2024/03/02 01:24:53 icons.go:32: no matches found for nix-snowflake
2024/03/02 01:24:53 desktop-entry-parser.go:58: zafiro icon not found for icon name: nix-snowflake
2024/03/02 01:24:53 icons.go:32: no matches found for one.alynx.showmethekey
2024/03/02 01:24:53 desktop-entry-parser.go:58: zafiro icon not found for icon name: one.alynx.showmethekey
2024/03/02 01:24:54 api.go:119: returning 16 results
